::1 - - [30/Apr/2019:16:01:27 -0300] "GET /crud-books-master/crud-books-master/ HTTP/1.1" 404 234
::1 - - [30/Apr/2019:16:01:27 -0300] "GET /favicon.ico HTTP/1.1" 404 209
::1 - - [30/Apr/2019:16:01:27 -0300] "GET / HTTP/1.1" 200 17
::1 - - [30/Apr/2019:16:01:33 -0300] "GET /favicon.ico HTTP/1.1" 404 209
::1 - - [30/Apr/2019:16:02:07 -0300] "GET / HTTP/1.1" 200 17
::1 - - [30/Apr/2019:16:02:09 -0300] "GET / HTTP/1.1" 200 17
::1 - - [30/Apr/2019:17:01:20 -0300] "GET / HTTP/1.1" 200 211
::1 - - [30/Apr/2019:17:01:43 -0300] "GET / HTTP/1.1" 200 211
::1 - - [30/Apr/2019:17:01:44 -0300] "GET / HTTP/1.1" 200 211
::1 - - [30/Apr/2019:17:01:44 -0300] "GET / HTTP/1.1" 200 211
::1 - - [30/Apr/2019:17:01:44 -0300] "GET / HTTP/1.1" 200 211
::1 - - [30/Apr/2019:17:01:45 -0300] "GET / HTTP/1.1" 200 211
::1 - - [30/Apr/2019:17:01:56 -0300] "GET / HTTP/1.1" 200 211
::1 - - [30/Apr/2019:17:01:56 -0300] "GET / HTTP/1.1" 200 211
::1 - - [30/Apr/2019:17:01:56 -0300] "GET / HTTP/1.1" 200 211
::1 - - [30/Apr/2019:17:01:57 -0300] "GET / HTTP/1.1" 200 211
::1 - - [30/Apr/2019:17:01:57 -0300] "GET / HTTP/1.1" 200 211
::1 - - [30/Apr/2019:17:01:58 -0300] "GET / HTTP/1.1" 200 211
::1 - - [30/Apr/2019:17:01:58 -0300] "GET / HTTP/1.1" 200 211
::1 - - [30/Apr/2019:17:01:58 -0300] "GET / HTTP/1.1" 200 211
::1 - - [30/Apr/2019:17:01:59 -0300] "GET / HTTP/1.1" 200 211
::1 - - [30/Apr/2019:17:01:59 -0300] "GET / HTTP/1.1" 200 211
::1 - - [30/Apr/2019:17:02:28 -0300] "GET / HTTP/1.1" 200 17
::1 - - [30/Apr/2019:17:05:04 -0300] "GET / HTTP/1.1" 200 4745
::1 - - [30/Apr/2019:17:05:04 -0300] "GET /bootstrap/fonts/glyphicons-halflings-regular.woff2 HTTP/1.1" 200 18028
::1 - - [30/Apr/2019:17:05:11 -0300] "GET / HTTP/1.1" 200 4743
::1 - - [30/Apr/2019:17:05:16 -0300] "GET /cadastrar_filmes1.php HTTP/1.1" 200 6150
::1 - - [30/Apr/2019:17:05:16 -0300] "GET /raphael/raphael.min.js HTTP/1.1" 404 220
::1 - - [30/Apr/2019:17:05:16 -0300] "GET /data/morris-data.js HTTP/1.1" 404 217
::1 - - [30/Apr/2019:17:05:16 -0300] "GET /raphael/raphael.min.js HTTP/1.1" 404 220
::1 - - [30/Apr/2019:17:05:16 -0300] "GET /data/morris-data.js HTTP/1.1" 404 217
::1 - - [30/Apr/2019:17:05:18 -0300] "GET /index.php HTTP/1.1" 200 4743
::1 - - [30/Apr/2019:17:05:58 -0300] "GET /index.php HTTP/1.1" 200 426
::1 - - [30/Apr/2019:17:07:06 -0300] "GET /index.php HTTP/1.1" 200 241
::1 - - [30/Apr/2019:17:08:02 -0300] "GET /index.php HTTP/1.1" 200 4848
::1 - - [30/Apr/2019:17:08:51 -0300] "GET /index.php HTTP/1.1" 200 4848
::1 - - [30/Apr/2019:17:08:52 -0300] "GET /index.php HTTP/1.1" 200 4848
::1 - - [30/Apr/2019:17:08:52 -0300] "GET /index.php HTTP/1.1" 200 4848
::1 - - [30/Apr/2019:17:08:54 -0300] "GET /cadastrar_filmes1.php HTTP/1.1" 200 6150
::1 - - [30/Apr/2019:17:08:54 -0300] "GET /raphael/raphael.min.js HTTP/1.1" 404 220
::1 - - [30/Apr/2019:17:08:54 -0300] "GET /data/morris-data.js HTTP/1.1" 404 217
::1 - - [30/Apr/2019:17:08:54 -0300] "GET /raphael/raphael.min.js HTTP/1.1" 404 220
::1 - - [30/Apr/2019:17:08:54 -0300] "GET /data/morris-data.js HTTP/1.1" 404 217
::1 - - [30/Apr/2019:17:08:56 -0300] "GET /filmes_cadastrados.php HTTP/1.1" 200 6759
::1 - - [30/Apr/2019:17:08:56 -0300] "GET /raphael/raphael.min.js HTTP/1.1" 404 220
::1 - - [30/Apr/2019:17:08:56 -0300] "GET /data/morris-data.js HTTP/1.1" 404 217
::1 - - [30/Apr/2019:17:08:56 -0300] "GET /raphael/raphael.min.js HTTP/1.1" 404 220
::1 - - [30/Apr/2019:17:08:56 -0300] "GET /data/morris-data.js HTTP/1.1" 404 217
::1 - - [30/Apr/2019:17:09:09 -0300] "GET /cadastrar_filmes1.php HTTP/1.1" 200 6150
::1 - - [30/Apr/2019:17:09:09 -0300] "GET /raphael/raphael.min.js HTTP/1.1" 404 220
::1 - - [30/Apr/2019:17:09:09 -0300] "GET /data/morris-data.js HTTP/1.1" 404 217
::1 - - [30/Apr/2019:17:09:09 -0300] "GET /raphael/raphael.min.js HTTP/1.1" 404 220
::1 - - [30/Apr/2019:17:09:09 -0300] "GET /data/morris-data.js HTTP/1.1" 404 217
::1 - - [30/Apr/2019:17:09:12 -0300] "GET /index.php HTTP/1.1" 200 4848
::1 - - [30/Apr/2019:17:09:33 -0300] "GET /index.php HTTP/1.1" 200 4848
::1 - - [30/Apr/2019:17:09:36 -0300] "GET /cadastrar_filmes1.php HTTP/1.1" 200 6150
::1 - - [30/Apr/2019:17:09:36 -0300] "GET /raphael/raphael.min.js HTTP/1.1" 404 220
::1 - - [30/Apr/2019:17:09:36 -0300] "GET /data/morris-data.js HTTP/1.1" 404 217
::1 - - [30/Apr/2019:17:09:36 -0300] "GET /raphael/raphael.min.js HTTP/1.1" 404 220
::1 - - [30/Apr/2019:17:09:36 -0300] "GET /data/morris-data.js HTTP/1.1" 404 217
::1 - - [30/Apr/2019:17:09:37 -0300] "GET /filmes_cadastrados.php HTTP/1.1" 200 6759
::1 - - [30/Apr/2019:17:09:37 -0300] "GET /data/morris-data.js HTTP/1.1" 404 217
::1 - - [30/Apr/2019:17:09:37 -0300] "GET /raphael/raphael.min.js HTTP/1.1" 404 220
::1 - - [30/Apr/2019:17:09:37 -0300] "GET /raphael/raphael.min.js HTTP/1.1" 404 220
::1 - - [30/Apr/2019:17:09:38 -0300] "GET /data/morris-data.js HTTP/1.1" 404 217
::1 - - [30/Apr/2019:17:11:14 -0300] "GET /filmes_cadastrados.php HTTP/1.1" 200 6759
::1 - - [30/Apr/2019:17:11:14 -0300] "GET /raphael/raphael.min.js HTTP/1.1" 404 220
::1 - - [30/Apr/2019:17:11:14 -0300] "GET /data/morris-data.js HTTP/1.1" 404 217
::1 - - [30/Apr/2019:17:11:14 -0300] "GET /raphael/raphael.min.js HTTP/1.1" 404 220
::1 - - [30/Apr/2019:17:11:14 -0300] "GET /data/morris-data.js HTTP/1.1" 404 217
::1 - - [30/Apr/2019:17:11:53 -0300] "GET /index.php HTTP/1.1" 200 4894
::1 - - [30/Apr/2019:17:11:54 -0300] "GET /index.php HTTP/1.1" 200 4894
::1 - - [30/Apr/2019:17:11:54 -0300] "GET /index.php HTTP/1.1" 200 4894
::1 - - [30/Apr/2019:17:11:58 -0300] "GET /cadastrar_filmes1.php HTTP/1.1" 200 6150
::1 - - [30/Apr/2019:17:11:58 -0300] "GET /raphael/raphael.min.js HTTP/1.1" 404 220
::1 - - [30/Apr/2019:17:11:58 -0300] "GET /data/morris-data.js HTTP/1.1" 404 217
::1 - - [30/Apr/2019:17:11:58 -0300] "GET /raphael/raphael.min.js HTTP/1.1" 404 220
::1 - - [30/Apr/2019:17:11:58 -0300] "GET /data/morris-data.js HTTP/1.1" 404 217
::1 - - [30/Apr/2019:17:12:01 -0300] "GET /filmes_cadastrados.php HTTP/1.1" 200 6759
::1 - - [30/Apr/2019:17:12:01 -0300] "GET /data/morris-data.js HTTP/1.1" 404 217
::1 - - [30/Apr/2019:17:12:01 -0300] "GET /raphael/raphael.min.js HTTP/1.1" 404 220
::1 - - [30/Apr/2019:17:12:01 -0300] "GET /raphael/raphael.min.js HTTP/1.1" 404 220
::1 - - [30/Apr/2019:17:12:01 -0300] "GET /data/morris-data.js HTTP/1.1" 404 217
::1 - - [30/Apr/2019:17:12:17 -0300] "GET /filmes_cadastrados.php HTTP/1.1" 200 449
::1 - - [30/Apr/2019:17:12:48 -0300] "GET /filmes_cadastrados.php HTTP/1.1" 200 441
::1 - - [30/Apr/2019:17:13:01 -0300] "GET /filmes_cadastrados.php HTTP/1.1" 200 441
::1 - - [30/Apr/2019:17:13:02 -0300] "GET /filmes_cadastrados.php HTTP/1.1" 200 441
::1 - - [30/Apr/2019:17:24:31 -0300] "GET / HTTP/1.1" 200 4894
::1 - - [30/Apr/2019:17:24:34 -0300] "GET /favicon.ico HTTP/1.1" 404 209
::1 - - [30/Apr/2019:17:25:57 -0300] "GET /crud-books-master/crud-books-master/ HTTP/1.1" 404 234
::1 - - [30/Apr/2019:17:26:00 -0300] "GET / HTTP/1.1" 200 4894
::1 - - [30/Apr/2019:17:26:14 -0300] "GET / HTTP/1.1" 200 4894
