[Tue Apr 30 16:01:23.317456 2019] [mpm_winnt:notice] [pid 11128:tid 808] AH00455: Apache/2.4.6 (Win32) PHP/5.4.17 configured -- resuming normal operations
[Tue Apr 30 16:01:23.317456 2019] [mpm_winnt:notice] [pid 11128:tid 808] AH00456: Apache Lounge VC10 Server built: Jul 16 2013 11:15:41
[Tue Apr 30 16:01:23.317456 2019] [core:notice] [pid 11128:tid 808] AH00094: Command line: 'F:\\Marcelo\\Aulas\\10 semestre\\IA I\\indicadorfilmes - Copia/apache2/bin/httpd_usbwv8.exe -d F:/Marcelo/Aulas/10 semestre/IA I/indicadorfilmes - Copia/apache2'
[Tue Apr 30 16:01:23.354709 2019] [mpm_winnt:notice] [pid 11128:tid 808] AH00418: Parent: Created child process 20084
[Tue Apr 30 16:01:24.073782 2019] [mpm_winnt:notice] [pid 20084:tid 788] AH00354: Child: Starting 64 worker threads.
[Tue Apr 30 17:01:20.402933 2019] [:error] [pid 20084:tid 1332] [client ::1:52574] PHP Warning:  mysqli_connect(): (HY000/1049): Unknown database 'sistema2' in F:\\Marcelo\\Aulas\\10 semestre\\IA I\\indicadorfilmes - Copia\\root\\inc\\Conexao.php on line 3
[Tue Apr 30 17:01:43.427221 2019] [:error] [pid 20084:tid 1332] [client ::1:52578] PHP Warning:  mysqli_connect(): (HY000/1049): Unknown database 'sistema2' in F:\\Marcelo\\Aulas\\10 semestre\\IA I\\indicadorfilmes - Copia\\root\\inc\\Conexao.php on line 3
[Tue Apr 30 17:01:44.058553 2019] [:error] [pid 20084:tid 1332] [client ::1:52578] PHP Warning:  mysqli_connect(): (HY000/1049): Unknown database 'sistema2' in F:\\Marcelo\\Aulas\\10 semestre\\IA I\\indicadorfilmes - Copia\\root\\inc\\Conexao.php on line 3
[Tue Apr 30 17:01:44.411190 2019] [:error] [pid 20084:tid 1332] [client ::1:52578] PHP Warning:  mysqli_connect(): (HY000/1049): Unknown database 'sistema2' in F:\\Marcelo\\Aulas\\10 semestre\\IA I\\indicadorfilmes - Copia\\root\\inc\\Conexao.php on line 3
[Tue Apr 30 17:01:44.750284 2019] [:error] [pid 20084:tid 1332] [client ::1:52578] PHP Warning:  mysqli_connect(): (HY000/1049): Unknown database 'sistema2' in F:\\Marcelo\\Aulas\\10 semestre\\IA I\\indicadorfilmes - Copia\\root\\inc\\Conexao.php on line 3
[Tue Apr 30 17:01:45.078407 2019] [:error] [pid 20084:tid 1332] [client ::1:52578] PHP Warning:  mysqli_connect(): (HY000/1049): Unknown database 'sistema2' in F:\\Marcelo\\Aulas\\10 semestre\\IA I\\indicadorfilmes - Copia\\root\\inc\\Conexao.php on line 3
[Tue Apr 30 17:01:56.241994 2019] [:error] [pid 20084:tid 1332] [client ::1:52588] PHP Warning:  mysqli_connect(): (HY000/1049): Unknown database 'sistema2' in F:\\Marcelo\\Aulas\\10 semestre\\IA I\\indicadorfilmes - Copia\\root\\inc\\Conexao.php on line 3
[Tue Apr 30 17:01:56.642918 2019] [:error] [pid 20084:tid 1332] [client ::1:52588] PHP Warning:  mysqli_connect(): (HY000/1049): Unknown database 'sistema2' in F:\\Marcelo\\Aulas\\10 semestre\\IA I\\indicadorfilmes - Copia\\root\\inc\\Conexao.php on line 3
[Tue Apr 30 17:01:56.951602 2019] [:error] [pid 20084:tid 1332] [client ::1:52588] PHP Warning:  mysqli_connect(): (HY000/1049): Unknown database 'sistema2' in F:\\Marcelo\\Aulas\\10 semestre\\IA I\\indicadorfilmes - Copia\\root\\inc\\Conexao.php on line 3
[Tue Apr 30 17:01:57.472829 2019] [:error] [pid 20084:tid 1332] [client ::1:52588] PHP Warning:  mysqli_connect(): (HY000/1049): Unknown database 'sistema2' in F:\\Marcelo\\Aulas\\10 semestre\\IA I\\indicadorfilmes - Copia\\root\\inc\\Conexao.php on line 3
[Tue Apr 30 17:01:57.777524 2019] [:error] [pid 20084:tid 1332] [client ::1:52588] PHP Warning:  mysqli_connect(): (HY000/1049): Unknown database 'sistema2' in F:\\Marcelo\\Aulas\\10 semestre\\IA I\\indicadorfilmes - Copia\\root\\inc\\Conexao.php on line 3
[Tue Apr 30 17:01:58.059770 2019] [:error] [pid 20084:tid 1332] [client ::1:52588] PHP Warning:  mysqli_connect(): (HY000/1049): Unknown database 'sistema2' in F:\\Marcelo\\Aulas\\10 semestre\\IA I\\indicadorfilmes - Copia\\root\\inc\\Conexao.php on line 3
[Tue Apr 30 17:01:58.298132 2019] [:error] [pid 20084:tid 1332] [client ::1:52588] PHP Warning:  mysqli_connect(): (HY000/1049): Unknown database 'sistema2' in F:\\Marcelo\\Aulas\\10 semestre\\IA I\\indicadorfilmes - Copia\\root\\inc\\Conexao.php on line 3
[Tue Apr 30 17:01:58.544982 2019] [:error] [pid 20084:tid 1332] [client ::1:52588] PHP Warning:  mysqli_connect(): (HY000/1049): Unknown database 'sistema2' in F:\\Marcelo\\Aulas\\10 semestre\\IA I\\indicadorfilmes - Copia\\root\\inc\\Conexao.php on line 3
[Tue Apr 30 17:01:59.110199 2019] [:error] [pid 20084:tid 1332] [client ::1:52588] PHP Warning:  mysqli_connect(): (HY000/1049): Unknown database 'sistema2' in F:\\Marcelo\\Aulas\\10 semestre\\IA I\\indicadorfilmes - Copia\\root\\inc\\Conexao.php on line 3
[Tue Apr 30 17:01:59.648759 2019] [:error] [pid 20084:tid 1332] [client ::1:52588] PHP Warning:  mysqli_connect(): (HY000/1049): Unknown database 'sistema2' in F:\\Marcelo\\Aulas\\10 semestre\\IA I\\indicadorfilmes - Copia\\root\\inc\\Conexao.php on line 3
[Tue Apr 30 17:05:04.328997 2019] [:error] [pid 20084:tid 1332] [client ::1:52615] PHP Fatal error:  Cannot redeclare conecta_bd() (previously declared in F:\\Marcelo\\Aulas\\10 semestre\\IA I\\indicadorfilmes - Copia\\root\\inc\\Conexao.php:5) in F:\\Marcelo\\Aulas\\10 semestre\\IA I\\indicadorfilmes - Copia\\root\\inc\\Conexao.php on line 9
[Tue Apr 30 17:05:11.244483 2019] [:error] [pid 20084:tid 1332] [client ::1:52616] PHP Fatal error:  Cannot redeclare conecta_bd() (previously declared in F:\\Marcelo\\Aulas\\10 semestre\\IA I\\indicadorfilmes - Copia\\root\\inc\\Conexao.php:5) in F:\\Marcelo\\Aulas\\10 semestre\\IA I\\indicadorfilmes - Copia\\root\\inc\\Conexao.php on line 9
[Tue Apr 30 17:05:18.882384 2019] [:error] [pid 20084:tid 1328] [client ::1:52618] PHP Fatal error:  Cannot redeclare conecta_bd() (previously declared in F:\\Marcelo\\Aulas\\10 semestre\\IA I\\indicadorfilmes - Copia\\root\\inc\\Conexao.php:5) in F:\\Marcelo\\Aulas\\10 semestre\\IA I\\indicadorfilmes - Copia\\root\\inc\\Conexao.php on line 9, referer: http://localhost:8080/cadastrar_filmes1.php
[Tue Apr 30 17:05:58.754362 2019] [:error] [pid 20084:tid 1328] [client ::1:52622] PHP Warning:  require(conecta.inc.php): failed to open stream: No such file or directory in F:\\Marcelo\\Aulas\\10 semestre\\IA I\\indicadorfilmes - Copia\\root\\index.php on line 2, referer: http://localhost:8080/cadastrar_filmes1.php
[Tue Apr 30 17:05:58.756382 2019] [:error] [pid 20084:tid 1328] [client ::1:52622] PHP Fatal error:  require(): Failed opening required 'conecta.inc.php' (include_path='.;C:\\php\\pear') in F:\\Marcelo\\Aulas\\10 semestre\\IA I\\indicadorfilmes - Copia\\root\\index.php on line 2, referer: http://localhost:8080/cadastrar_filmes1.php
[Tue Apr 30 17:07:06.864230 2019] [:error] [pid 20084:tid 1328] [client ::1:52629] PHP Warning:  mysqli_connect(): (HY000/1049): Unknown database 'sistema2' in F:\\Marcelo\\Aulas\\10 semestre\\IA I\\indicadorfilmes - Copia\\root\\inc\\Conexao.php on line 5, referer: http://localhost:8080/cadastrar_filmes1.php
[Tue Apr 30 17:08:02.352134 2019] [:error] [pid 20084:tid 1328] [client ::1:52634] PHP Notice:  Undefined variable: criar_con in F:\\Marcelo\\Aulas\\10 semestre\\IA I\\indicadorfilmes - Copia\\root\\index.php on line 116, referer: http://localhost:8080/cadastrar_filmes1.php
[Tue Apr 30 17:08:02.353131 2019] [:error] [pid 20084:tid 1328] [client ::1:52634] PHP Warning:  mysqli_query() expects parameter 1 to be mysqli, null given in F:\\Marcelo\\Aulas\\10 semestre\\IA I\\indicadorfilmes - Copia\\root\\index.php on line 116, referer: http://localhost:8080/cadastrar_filmes1.php
[Tue Apr 30 17:08:51.899718 2019] [:error] [pid 20084:tid 1328] [client ::1:52639] PHP Notice:  Undefined variable: criar_con in F:\\Marcelo\\Aulas\\10 semestre\\IA I\\indicadorfilmes - Copia\\root\\index.php on line 116, referer: http://localhost:8080/cadastrar_filmes1.php
[Tue Apr 30 17:08:51.899718 2019] [:error] [pid 20084:tid 1328] [client ::1:52639] PHP Warning:  mysqli_query() expects parameter 1 to be mysqli, null given in F:\\Marcelo\\Aulas\\10 semestre\\IA I\\indicadorfilmes - Copia\\root\\index.php on line 116, referer: http://localhost:8080/cadastrar_filmes1.php
[Tue Apr 30 17:08:52.270276 2019] [:error] [pid 20084:tid 1328] [client ::1:52639] PHP Notice:  Undefined variable: criar_con in F:\\Marcelo\\Aulas\\10 semestre\\IA I\\indicadorfilmes - Copia\\root\\index.php on line 116, referer: http://localhost:8080/cadastrar_filmes1.php
[Tue Apr 30 17:08:52.270276 2019] [:error] [pid 20084:tid 1328] [client ::1:52639] PHP Warning:  mysqli_query() expects parameter 1 to be mysqli, null given in F:\\Marcelo\\Aulas\\10 semestre\\IA I\\indicadorfilmes - Copia\\root\\index.php on line 116, referer: http://localhost:8080/cadastrar_filmes1.php
[Tue Apr 30 17:08:52.543546 2019] [:error] [pid 20084:tid 1328] [client ::1:52639] PHP Notice:  Undefined variable: criar_con in F:\\Marcelo\\Aulas\\10 semestre\\IA I\\indicadorfilmes - Copia\\root\\index.php on line 116, referer: http://localhost:8080/cadastrar_filmes1.php
[Tue Apr 30 17:08:52.543546 2019] [:error] [pid 20084:tid 1328] [client ::1:52639] PHP Warning:  mysqli_query() expects parameter 1 to be mysqli, null given in F:\\Marcelo\\Aulas\\10 semestre\\IA I\\indicadorfilmes - Copia\\root\\index.php on line 116, referer: http://localhost:8080/cadastrar_filmes1.php
[Tue Apr 30 17:08:56.081351 2019] [:error] [pid 20084:tid 1332] [client ::1:52640] PHP Notice:  Undefined variable: criar_con in F:\\Marcelo\\Aulas\\10 semestre\\IA I\\indicadorfilmes - Copia\\root\\filmes_cadastrados.php on line 16, referer: http://localhost:8080/cadastrar_filmes1.php
[Tue Apr 30 17:08:56.081351 2019] [:error] [pid 20084:tid 1332] [client ::1:52640] PHP Warning:  mysqli_query() expects parameter 1 to be mysqli, null given in F:\\Marcelo\\Aulas\\10 semestre\\IA I\\indicadorfilmes - Copia\\root\\filmes_cadastrados.php on line 16, referer: http://localhost:8080/cadastrar_filmes1.php
[Tue Apr 30 17:08:56.081351 2019] [:error] [pid 20084:tid 1332] [client ::1:52640] PHP Warning:  mysqli_num_rows() expects parameter 1 to be mysqli_result, null given in F:\\Marcelo\\Aulas\\10 semestre\\IA I\\indicadorfilmes - Copia\\root\\filmes_cadastrados.php on line 18, referer: http://localhost:8080/cadastrar_filmes1.php
[Tue Apr 30 17:08:56.082317 2019] [:error] [pid 20084:tid 1332] [client ::1:52640] PHP Notice:  Undefined variable: criar_con in F:\\Marcelo\\Aulas\\10 semestre\\IA I\\indicadorfilmes - Copia\\root\\filmes_cadastrados.php on line 106, referer: http://localhost:8080/cadastrar_filmes1.php
[Tue Apr 30 17:08:56.083340 2019] [:error] [pid 20084:tid 1332] [client ::1:52640] PHP Warning:  mysqli_query() expects parameter 1 to be mysqli, null given in F:\\Marcelo\\Aulas\\10 semestre\\IA I\\indicadorfilmes - Copia\\root\\filmes_cadastrados.php on line 106, referer: http://localhost:8080/cadastrar_filmes1.php
[Tue Apr 30 17:08:56.083340 2019] [:error] [pid 20084:tid 1332] [client ::1:52640] PHP Warning:  mysqli_fetch_array() expects parameter 1 to be mysqli_result, null given in F:\\Marcelo\\Aulas\\10 semestre\\IA I\\indicadorfilmes - Copia\\root\\filmes_cadastrados.php on line 108, referer: http://localhost:8080/cadastrar_filmes1.php
[Tue Apr 30 17:09:12.429173 2019] [:error] [pid 20084:tid 1332] [client ::1:52651] PHP Notice:  Undefined variable: criar_con in F:\\Marcelo\\Aulas\\10 semestre\\IA I\\indicadorfilmes - Copia\\root\\index.php on line 116, referer: http://localhost:8080/cadastrar_filmes1.php
[Tue Apr 30 17:09:12.429173 2019] [:error] [pid 20084:tid 1332] [client ::1:52651] PHP Warning:  mysqli_query() expects parameter 1 to be mysqli, null given in F:\\Marcelo\\Aulas\\10 semestre\\IA I\\indicadorfilmes - Copia\\root\\index.php on line 116, referer: http://localhost:8080/cadastrar_filmes1.php
[Tue Apr 30 17:09:33.343354 2019] [:error] [pid 20084:tid 1332] [client ::1:52657] PHP Notice:  Undefined variable: criar_con in F:\\Marcelo\\Aulas\\10 semestre\\IA I\\indicadorfilmes - Copia\\root\\index.php on line 116, referer: http://localhost:8080/index.php
[Tue Apr 30 17:09:33.343354 2019] [:error] [pid 20084:tid 1332] [client ::1:52657] PHP Warning:  mysqli_query() expects parameter 1 to be mysqli, null given in F:\\Marcelo\\Aulas\\10 semestre\\IA I\\indicadorfilmes - Copia\\root\\index.php on line 116, referer: http://localhost:8080/index.php
[Tue Apr 30 17:09:37.911159 2019] [:error] [pid 20084:tid 1328] [client ::1:52658] PHP Notice:  Undefined variable: criar_con in F:\\Marcelo\\Aulas\\10 semestre\\IA I\\indicadorfilmes - Copia\\root\\filmes_cadastrados.php on line 16, referer: http://localhost:8080/cadastrar_filmes1.php
[Tue Apr 30 17:09:37.911159 2019] [:error] [pid 20084:tid 1328] [client ::1:52658] PHP Warning:  mysqli_query() expects parameter 1 to be mysqli, null given in F:\\Marcelo\\Aulas\\10 semestre\\IA I\\indicadorfilmes - Copia\\root\\filmes_cadastrados.php on line 16, referer: http://localhost:8080/cadastrar_filmes1.php
[Tue Apr 30 17:09:37.911159 2019] [:error] [pid 20084:tid 1328] [client ::1:52658] PHP Warning:  mysqli_num_rows() expects parameter 1 to be mysqli_result, null given in F:\\Marcelo\\Aulas\\10 semestre\\IA I\\indicadorfilmes - Copia\\root\\filmes_cadastrados.php on line 18, referer: http://localhost:8080/cadastrar_filmes1.php
[Tue Apr 30 17:09:37.911159 2019] [:error] [pid 20084:tid 1328] [client ::1:52658] PHP Notice:  Undefined variable: criar_con in F:\\Marcelo\\Aulas\\10 semestre\\IA I\\indicadorfilmes - Copia\\root\\filmes_cadastrados.php on line 106, referer: http://localhost:8080/cadastrar_filmes1.php
[Tue Apr 30 17:09:37.911159 2019] [:error] [pid 20084:tid 1328] [client ::1:52658] PHP Warning:  mysqli_query() expects parameter 1 to be mysqli, null given in F:\\Marcelo\\Aulas\\10 semestre\\IA I\\indicadorfilmes - Copia\\root\\filmes_cadastrados.php on line 106, referer: http://localhost:8080/cadastrar_filmes1.php
[Tue Apr 30 17:09:37.911159 2019] [:error] [pid 20084:tid 1328] [client ::1:52658] PHP Warning:  mysqli_fetch_array() expects parameter 1 to be mysqli_result, null given in F:\\Marcelo\\Aulas\\10 semestre\\IA I\\indicadorfilmes - Copia\\root\\filmes_cadastrados.php on line 108, referer: http://localhost:8080/cadastrar_filmes1.php
[Tue Apr 30 17:11:14.512964 2019] [:error] [pid 20084:tid 1328] [client ::1:52667] PHP Notice:  Undefined variable: criar_con in F:\\Marcelo\\Aulas\\10 semestre\\IA I\\indicadorfilmes - Copia\\root\\filmes_cadastrados.php on line 14, referer: http://localhost:8080/cadastrar_filmes1.php
[Tue Apr 30 17:11:14.512964 2019] [:error] [pid 20084:tid 1328] [client ::1:52667] PHP Warning:  mysqli_query() expects parameter 1 to be mysqli, null given in F:\\Marcelo\\Aulas\\10 semestre\\IA I\\indicadorfilmes - Copia\\root\\filmes_cadastrados.php on line 14, referer: http://localhost:8080/cadastrar_filmes1.php
[Tue Apr 30 17:11:14.512964 2019] [:error] [pid 20084:tid 1328] [client ::1:52667] PHP Warning:  mysqli_num_rows() expects parameter 1 to be mysqli_result, null given in F:\\Marcelo\\Aulas\\10 semestre\\IA I\\indicadorfilmes - Copia\\root\\filmes_cadastrados.php on line 16, referer: http://localhost:8080/cadastrar_filmes1.php
[Tue Apr 30 17:11:14.512964 2019] [:error] [pid 20084:tid 1328] [client ::1:52667] PHP Notice:  Undefined variable: criar_con in F:\\Marcelo\\Aulas\\10 semestre\\IA I\\indicadorfilmes - Copia\\root\\filmes_cadastrados.php on line 104, referer: http://localhost:8080/cadastrar_filmes1.php
[Tue Apr 30 17:11:14.512964 2019] [:error] [pid 20084:tid 1328] [client ::1:52667] PHP Warning:  mysqli_query() expects parameter 1 to be mysqli, null given in F:\\Marcelo\\Aulas\\10 semestre\\IA I\\indicadorfilmes - Copia\\root\\filmes_cadastrados.php on line 104, referer: http://localhost:8080/cadastrar_filmes1.php
[Tue Apr 30 17:11:14.512964 2019] [:error] [pid 20084:tid 1328] [client ::1:52667] PHP Warning:  mysqli_fetch_array() expects parameter 1 to be mysqli_result, null given in F:\\Marcelo\\Aulas\\10 semestre\\IA I\\indicadorfilmes - Copia\\root\\filmes_cadastrados.php on line 106, referer: http://localhost:8080/cadastrar_filmes1.php
[Tue Apr 30 17:11:53.519634 2019] [:error] [pid 20084:tid 1332] [client ::1:52673] PHP Warning:  require(conecta.inc.php): failed to open stream: No such file or directory in F:\\Marcelo\\Aulas\\10 semestre\\IA I\\indicadorfilmes - Copia\\root\\index.php on line 114, referer: http://localhost:8080/filmes_cadastrados.php
[Tue Apr 30 17:11:53.519634 2019] [:error] [pid 20084:tid 1332] [client ::1:52673] PHP Fatal error:  require(): Failed opening required 'conecta.inc.php' (include_path='.;C:\\php\\pear') in F:\\Marcelo\\Aulas\\10 semestre\\IA I\\indicadorfilmes - Copia\\root\\index.php on line 114, referer: http://localhost:8080/filmes_cadastrados.php
[Tue Apr 30 17:11:54.562508 2019] [:error] [pid 20084:tid 1332] [client ::1:52673] PHP Warning:  require(conecta.inc.php): failed to open stream: No such file or directory in F:\\Marcelo\\Aulas\\10 semestre\\IA I\\indicadorfilmes - Copia\\root\\index.php on line 114, referer: http://localhost:8080/filmes_cadastrados.php
[Tue Apr 30 17:11:54.562508 2019] [:error] [pid 20084:tid 1332] [client ::1:52673] PHP Fatal error:  require(): Failed opening required 'conecta.inc.php' (include_path='.;C:\\php\\pear') in F:\\Marcelo\\Aulas\\10 semestre\\IA I\\indicadorfilmes - Copia\\root\\index.php on line 114, referer: http://localhost:8080/filmes_cadastrados.php
[Tue Apr 30 17:11:54.945652 2019] [:error] [pid 20084:tid 1332] [client ::1:52673] PHP Warning:  require(conecta.inc.php): failed to open stream: No such file or directory in F:\\Marcelo\\Aulas\\10 semestre\\IA I\\indicadorfilmes - Copia\\root\\index.php on line 114, referer: http://localhost:8080/filmes_cadastrados.php
[Tue Apr 30 17:11:54.945652 2019] [:error] [pid 20084:tid 1332] [client ::1:52673] PHP Fatal error:  require(): Failed opening required 'conecta.inc.php' (include_path='.;C:\\php\\pear') in F:\\Marcelo\\Aulas\\10 semestre\\IA I\\indicadorfilmes - Copia\\root\\index.php on line 114, referer: http://localhost:8080/filmes_cadastrados.php
[Tue Apr 30 17:12:01.413305 2019] [:error] [pid 20084:tid 1328] [client ::1:52674] PHP Notice:  Undefined variable: criar_con in F:\\Marcelo\\Aulas\\10 semestre\\IA I\\indicadorfilmes - Copia\\root\\filmes_cadastrados.php on line 14, referer: http://localhost:8080/cadastrar_filmes1.php
[Tue Apr 30 17:12:01.413305 2019] [:error] [pid 20084:tid 1328] [client ::1:52674] PHP Warning:  mysqli_query() expects parameter 1 to be mysqli, null given in F:\\Marcelo\\Aulas\\10 semestre\\IA I\\indicadorfilmes - Copia\\root\\filmes_cadastrados.php on line 14, referer: http://localhost:8080/cadastrar_filmes1.php
[Tue Apr 30 17:12:01.413305 2019] [:error] [pid 20084:tid 1328] [client ::1:52674] PHP Warning:  mysqli_num_rows() expects parameter 1 to be mysqli_result, null given in F:\\Marcelo\\Aulas\\10 semestre\\IA I\\indicadorfilmes - Copia\\root\\filmes_cadastrados.php on line 16, referer: http://localhost:8080/cadastrar_filmes1.php
[Tue Apr 30 17:12:01.413305 2019] [:error] [pid 20084:tid 1328] [client ::1:52674] PHP Notice:  Undefined variable: criar_con in F:\\Marcelo\\Aulas\\10 semestre\\IA I\\indicadorfilmes - Copia\\root\\filmes_cadastrados.php on line 104, referer: http://localhost:8080/cadastrar_filmes1.php
[Tue Apr 30 17:12:01.413305 2019] [:error] [pid 20084:tid 1328] [client ::1:52674] PHP Warning:  mysqli_query() expects parameter 1 to be mysqli, null given in F:\\Marcelo\\Aulas\\10 semestre\\IA I\\indicadorfilmes - Copia\\root\\filmes_cadastrados.php on line 104, referer: http://localhost:8080/cadastrar_filmes1.php
[Tue Apr 30 17:12:01.413305 2019] [:error] [pid 20084:tid 1328] [client ::1:52674] PHP Warning:  mysqli_fetch_array() expects parameter 1 to be mysqli_result, null given in F:\\Marcelo\\Aulas\\10 semestre\\IA I\\indicadorfilmes - Copia\\root\\filmes_cadastrados.php on line 106, referer: http://localhost:8080/cadastrar_filmes1.php
[Tue Apr 30 17:12:17.775065 2019] [:error] [pid 20084:tid 1332] [client ::1:52676] PHP Warning:  require(conecta.inc.php): failed to open stream: No such file or directory in F:\\Marcelo\\Aulas\\10 semestre\\IA I\\indicadorfilmes - Copia\\root\\filmes_cadastrados.php on line 2, referer: http://localhost:8080/cadastrar_filmes1.php
[Tue Apr 30 17:12:17.775065 2019] [:error] [pid 20084:tid 1332] [client ::1:52676] PHP Fatal error:  require(): Failed opening required 'conecta.inc.php' (include_path='.;C:\\php\\pear') in F:\\Marcelo\\Aulas\\10 semestre\\IA I\\indicadorfilmes - Copia\\root\\filmes_cadastrados.php on line 2, referer: http://localhost:8080/cadastrar_filmes1.php
[Tue Apr 30 17:12:48.106460 2019] [:error] [pid 20084:tid 1332] [client ::1:52681] PHP Warning:  require(Conexao.php): failed to open stream: No such file or directory in F:\\Marcelo\\Aulas\\10 semestre\\IA I\\indicadorfilmes - Copia\\root\\filmes_cadastrados.php on line 2, referer: http://localhost:8080/cadastrar_filmes1.php
[Tue Apr 30 17:12:48.106460 2019] [:error] [pid 20084:tid 1332] [client ::1:52681] PHP Fatal error:  require(): Failed opening required 'Conexao.php' (include_path='.;C:\\php\\pear') in F:\\Marcelo\\Aulas\\10 semestre\\IA I\\indicadorfilmes - Copia\\root\\filmes_cadastrados.php on line 2, referer: http://localhost:8080/cadastrar_filmes1.php
[Tue Apr 30 17:13:01.839493 2019] [:error] [pid 20084:tid 1332] [client ::1:52684] PHP Warning:  require(Conexao.php): failed to open stream: No such file or directory in F:\\Marcelo\\Aulas\\10 semestre\\IA I\\indicadorfilmes - Copia\\root\\filmes_cadastrados.php on line 2, referer: http://localhost:8080/cadastrar_filmes1.php
[Tue Apr 30 17:13:01.839493 2019] [:error] [pid 20084:tid 1332] [client ::1:52684] PHP Fatal error:  require(): Failed opening required 'Conexao.php' (include_path='.;C:\\php\\pear') in F:\\Marcelo\\Aulas\\10 semestre\\IA I\\indicadorfilmes - Copia\\root\\filmes_cadastrados.php on line 2, referer: http://localhost:8080/cadastrar_filmes1.php
[Tue Apr 30 17:13:02.285300 2019] [:error] [pid 20084:tid 1332] [client ::1:52684] PHP Warning:  require(Conexao.php): failed to open stream: No such file or directory in F:\\Marcelo\\Aulas\\10 semestre\\IA I\\indicadorfilmes - Copia\\root\\filmes_cadastrados.php on line 2, referer: http://localhost:8080/cadastrar_filmes1.php
[Tue Apr 30 17:13:02.285300 2019] [:error] [pid 20084:tid 1332] [client ::1:52684] PHP Fatal error:  require(): Failed opening required 'Conexao.php' (include_path='.;C:\\php\\pear') in F:\\Marcelo\\Aulas\\10 semestre\\IA I\\indicadorfilmes - Copia\\root\\filmes_cadastrados.php on line 2, referer: http://localhost:8080/cadastrar_filmes1.php
[Tue Apr 30 17:24:31.775991 2019] [:error] [pid 20084:tid 1332] [client ::1:52876] PHP Warning:  require(conecta.inc.php): failed to open stream: No such file or directory in F:\\Marcelo\\Aulas\\10 semestre\\IA I\\indicadorfilmes - Copia\\root\\index.php on line 114
[Tue Apr 30 17:24:31.775991 2019] [:error] [pid 20084:tid 1332] [client ::1:52876] PHP Fatal error:  require(): Failed opening required 'conecta.inc.php' (include_path='.;C:\\php\\pear') in F:\\Marcelo\\Aulas\\10 semestre\\IA I\\indicadorfilmes - Copia\\root\\index.php on line 114
[Tue Apr 30 17:26:00.103196 2019] [:error] [pid 20084:tid 1328] [client ::1:52916] PHP Warning:  require(conecta.inc.php): failed to open stream: No such file or directory in F:\\Marcelo\\Aulas\\10 semestre\\IA I\\indicadorfilmes - Copia\\root\\index.php on line 114
[Tue Apr 30 17:26:00.103196 2019] [:error] [pid 20084:tid 1328] [client ::1:52916] PHP Fatal error:  require(): Failed opening required 'conecta.inc.php' (include_path='.;C:\\php\\pear') in F:\\Marcelo\\Aulas\\10 semestre\\IA I\\indicadorfilmes - Copia\\root\\index.php on line 114
[Tue Apr 30 17:26:14.249764 2019] [:error] [pid 20084:tid 1328] [client ::1:52926] PHP Warning:  require(conecta.inc.php): failed to open stream: No such file or directory in F:\\Marcelo\\Aulas\\10 semestre\\IA I\\indicadorfilmes - Copia\\root\\index.php on line 114
[Tue Apr 30 17:26:14.249764 2019] [:error] [pid 20084:tid 1328] [client ::1:52926] PHP Fatal error:  require(): Failed opening required 'conecta.inc.php' (include_path='.;C:\\php\\pear') in F:\\Marcelo\\Aulas\\10 semestre\\IA I\\indicadorfilmes - Copia\\root\\index.php on line 114
