2019-04-02 19:19:31 188 [Note] Plugin 'FEDERATED' is disabled.
2019-04-02 19:19:31 188 [Note] InnoDB: The InnoDB memory heap is disabled
2019-04-02 19:19:32 188 [Note] InnoDB: Mutexes and rw_locks use Windows interlocked functions
2019-04-02 19:19:32 188 [Note] InnoDB: Compressed tables use zlib 1.2.3
2019-04-02 19:19:32 188 [Note] InnoDB: Not using CPU crc32 instructions
2019-04-02 19:19:32 188 [Note] InnoDB: Initializing buffer pool, size = 128.0M
2019-04-02 19:19:32 188 [Note] InnoDB: Completed initialization of buffer pool
2019-04-02 19:19:32 188 [Note] InnoDB: Highest supported file format is Barracuda.
2019-04-02 19:19:32 188 [Note] InnoDB: The log sequence numbers 5500530 and 5500530 in ibdata files do not match the log sequence number 5687040 in the ib_logfiles!
2019-04-02 19:19:32 188 [Note] InnoDB: Database was not shutdown normally!
2019-04-02 19:19:32 188 [Note] InnoDB: Starting crash recovery.
2019-04-02 19:19:32 188 [Note] InnoDB: Reading tablespace information from the .ibd files...
2019-04-02 19:19:32 188 [Note] InnoDB: Restoring possible half-written data pages 
2019-04-02 19:19:32 188 [Note] InnoDB: from the doublewrite buffer...
2019-04-02 19:19:34 188 [Note] InnoDB: 128 rollback segment(s) are active.
2019-04-02 19:19:34 188 [Note] InnoDB: Waiting for purge to start
2019-04-02 19:19:34 188 [Note] InnoDB: 5.6.13 started; log sequence number 5687040
2019-04-02 19:19:34 188 [Note] Server hostname (bind-address): '*'; port: 3307
2019-04-02 19:19:34 188 [Note] IPv6 is available.
2019-04-02 19:19:34 188 [Note]   - '::' resolves to '::';
2019-04-02 19:19:34 188 [Note] Server socket created on IP: '::'.
2019-04-02 19:19:34 188 [Note] Event Scheduler: Loaded 0 events
2019-04-02 19:19:34 188 [Note] E:\Marcelo\Aulas\10 semestre\IA I\G1 - 02-04/mysql/bin/mysqld_usbwv8.exe: ready for connections.
Version: '5.6.13'  socket: ''  port: 3307  MySQL Community Server (GPL)
2019-04-02 20:11:33 860 [Note] Plugin 'FEDERATED' is disabled.
2019-04-02 20:11:33 860 [Note] InnoDB: The InnoDB memory heap is disabled
2019-04-02 20:11:33 860 [Note] InnoDB: Mutexes and rw_locks use Windows interlocked functions
2019-04-02 20:11:33 860 [Note] InnoDB: Compressed tables use zlib 1.2.3
2019-04-02 20:11:33 860 [Note] InnoDB: Not using CPU crc32 instructions
2019-04-02 20:11:33 860 [Note] InnoDB: Initializing buffer pool, size = 128.0M
2019-04-02 20:11:33 860 [Note] InnoDB: Completed initialization of buffer pool
2019-04-02 20:11:33 860 [ERROR] InnoDB: E:\Marcelo\Aulas\10 semestre\IA I\G1 - 02-04\mysql\data\ibdata1 can't be opened in read-write mode
2019-04-02 20:11:33 860 [ERROR] InnoDB: The system tablespace must be writable!
2019-04-02 20:11:33 860 [ERROR] Plugin 'InnoDB' init function returned error.
2019-04-02 20:11:33 860 [ERROR] Plugin 'InnoDB' registration as a STORAGE ENGINE failed.
2019-04-02 20:11:33 860 [ERROR] Unknown/unsupported storage engine: InnoDB
2019-04-02 20:11:33 860 [ERROR] Aborting

2019-04-02 20:11:33 860 [Note] Binlog end
2019-04-02 20:11:33 860 [Note] Shutting down plugin 'partition'
2019-04-02 20:11:33 860 [Note] Shutting down plugin 'PERFORMANCE_SCHEMA'
2019-04-02 20:11:33 860 [Note] Shutting down plugin 'INNODB_SYS_DATAFILES'
2019-04-02 20:11:33 860 [Note] Shutting down plugin 'INNODB_SYS_TABLESPACES'
2019-04-02 20:11:33 860 [Note] Shutting down plugin 'INNODB_SYS_FOREIGN_COLS'
2019-04-02 20:11:33 860 [Note] Shutting down plugin 'INNODB_SYS_FOREIGN'
2019-04-02 20:11:33 860 [Note] Shutting down plugin 'INNODB_SYS_FIELDS'
2019-04-02 20:11:33 860 [Note] Shutting down plugin 'INNODB_SYS_COLUMNS'
2019-04-02 20:11:33 860 [Note] Shutting down plugin 'INNODB_SYS_INDEXES'
2019-04-02 20:11:33 860 [Note] Shutting down plugin 'INNODB_SYS_TABLESTATS'
2019-04-02 20:11:33 860 [Note] Shutting down plugin 'INNODB_SYS_TABLES'
2019-04-02 20:11:33 860 [Note] Shutting down plugin 'INNODB_FT_INDEX_TABLE'
2019-04-02 20:11:33 860 [Note] Shutting down plugin 'INNODB_FT_INDEX_CACHE'
2019-04-02 20:11:33 860 [Note] Shutting down plugin 'INNODB_FT_CONFIG'
2019-04-02 20:11:33 860 [Note] Shutting down plugin 'INNODB_FT_BEING_DELETED'
2019-04-02 20:11:33 860 [Note] Shutting down plugin 'INNODB_FT_DELETED'
2019-04-02 20:11:33 860 [Note] Shutting down plugin 'INNODB_FT_DEFAULT_STOPWORD'
2019-04-02 20:11:33 860 [Note] Shutting down plugin 'INNODB_METRICS'
2019-04-02 20:11:33 860 [Note] Shutting down plugin 'INNODB_BUFFER_POOL_STATS'
2019-04-02 20:11:33 860 [Note] Shutting down plugin 'INNODB_BUFFER_PAGE_LRU'
2019-04-02 20:11:33 860 [Note] Shutting down plugin 'INNODB_BUFFER_PAGE'
2019-04-02 20:11:33 860 [Note] Shutting down plugin 'INNODB_CMP_PER_INDEX_RESET'
2019-04-02 20:11:33 860 [Note] Shutting down plugin 'INNODB_CMP_PER_INDEX'
2019-04-02 20:11:33 860 [Note] Shutting down plugin 'INNODB_CMPMEM_RESET'
2019-04-02 20:11:33 860 [Note] Shutting down plugin 'INNODB_CMPMEM'
2019-04-02 20:11:33 860 [Note] Shutting down plugin 'INNODB_CMP_RESET'
2019-04-02 20:11:33 860 [Note] Shutting down plugin 'INNODB_CMP'
2019-04-02 20:11:33 860 [Note] Shutting down plugin 'INNODB_LOCK_WAITS'
2019-04-02 20:11:33 860 [Note] Shutting down plugin 'INNODB_LOCKS'
2019-04-02 20:11:33 860 [Note] Shutting down plugin 'INNODB_TRX'
2019-04-02 20:11:33 860 [Note] Shutting down plugin 'BLACKHOLE'
2019-04-02 20:11:33 860 [Note] Shutting down plugin 'ARCHIVE'
2019-04-02 20:11:33 860 [Note] Shutting down plugin 'MRG_MYISAM'
2019-04-02 20:11:33 860 [Note] Shutting down plugin 'MyISAM'
2019-04-02 20:11:33 860 [Note] Shutting down plugin 'MEMORY'
2019-04-02 20:11:33 860 [Note] Shutting down plugin 'CSV'
2019-04-02 20:11:33 860 [Note] Shutting down plugin 'sha256_password'
2019-04-02 20:11:33 860 [Note] Shutting down plugin 'mysql_old_password'
2019-04-02 20:11:33 860 [Note] Shutting down plugin 'mysql_native_password'
2019-04-02 20:11:33 860 [Note] Shutting down plugin 'binlog'
2019-04-02 20:11:33 860 [Note] E:\Marcelo\Aulas\10 semestre\IA I\G1 - 02-04/mysql/bin/mysqld_usbwv8.exe: Shutdown complete

2019-04-09 19:41:14 3132 [Note] Plugin 'FEDERATED' is disabled.
2019-04-09 19:41:14 3132 [Note] InnoDB: The InnoDB memory heap is disabled
2019-04-09 19:41:14 3132 [Note] InnoDB: Mutexes and rw_locks use Windows interlocked functions
2019-04-09 19:41:14 3132 [Note] InnoDB: Compressed tables use zlib 1.2.3
2019-04-09 19:41:14 3132 [Note] InnoDB: Not using CPU crc32 instructions
2019-04-09 19:41:14 3132 [Note] InnoDB: Initializing buffer pool, size = 128.0M
2019-04-09 19:41:14 3132 [Note] InnoDB: Completed initialization of buffer pool
2019-04-09 19:41:14 3132 [Note] InnoDB: Highest supported file format is Barracuda.
2019-04-09 19:41:14 3132 [Note] InnoDB: The log sequence numbers 5500530 and 5500530 in ibdata files do not match the log sequence number 5688583 in the ib_logfiles!
2019-04-09 19:41:14 3132 [Note] InnoDB: Database was not shutdown normally!
2019-04-09 19:41:14 3132 [Note] InnoDB: Starting crash recovery.
2019-04-09 19:41:14 3132 [Note] InnoDB: Reading tablespace information from the .ibd files...
2019-04-09 19:41:14 3132 [Note] InnoDB: Restoring possible half-written data pages 
2019-04-09 19:41:14 3132 [Note] InnoDB: from the doublewrite buffer...
2019-04-09 19:41:15 3132 [Note] InnoDB: 128 rollback segment(s) are active.
2019-04-09 19:41:15 3132 [Note] InnoDB: Waiting for purge to start
2019-04-09 19:41:15 3132 [Note] InnoDB: 5.6.13 started; log sequence number 5688583
2019-04-09 19:41:15 3132 [Note] Server hostname (bind-address): '*'; port: 3307
2019-04-09 19:41:15 3132 [Note] IPv6 is available.
2019-04-09 19:41:15 3132 [Note]   - '::' resolves to '::';
2019-04-09 19:41:15 3132 [Note] Server socket created on IP: '::'.
2019-04-09 19:41:15 3132 [Note] Event Scheduler: Loaded 0 events
2019-04-09 19:41:15 3132 [Note] E:\Marcelo\Aulas\10 semestre\IA I\G1 - 09-04/mysql/bin/mysqld_usbwv8.exe: ready for connections.
Version: '5.6.13'  socket: ''  port: 3307  MySQL Community Server (GPL)
2019-04-16 19:01:09 3996 [Note] Plugin 'FEDERATED' is disabled.
2019-04-16 19:01:09 3996 [Note] InnoDB: The InnoDB memory heap is disabled
2019-04-16 19:01:09 3996 [Note] InnoDB: Mutexes and rw_locks use Windows interlocked functions
2019-04-16 19:01:09 3996 [Note] InnoDB: Compressed tables use zlib 1.2.3
2019-04-16 19:01:09 3996 [Note] InnoDB: Not using CPU crc32 instructions
2019-04-16 19:01:09 3996 [Note] InnoDB: Initializing buffer pool, size = 128.0M
2019-04-16 19:01:09 3996 [Note] InnoDB: Completed initialization of buffer pool
2019-04-16 19:01:09 3996 [Note] InnoDB: Highest supported file format is Barracuda.
2019-04-16 19:01:09 3996 [Note] InnoDB: The log sequence numbers 5500530 and 5500530 in ibdata files do not match the log sequence number 5689288 in the ib_logfiles!
2019-04-16 19:01:09 3996 [Note] InnoDB: Database was not shutdown normally!
2019-04-16 19:01:09 3996 [Note] InnoDB: Starting crash recovery.
2019-04-16 19:01:09 3996 [Note] InnoDB: Reading tablespace information from the .ibd files...
2019-04-16 19:01:09 3996 [Note] InnoDB: Restoring possible half-written data pages 
2019-04-16 19:01:09 3996 [Note] InnoDB: from the doublewrite buffer...
2019-04-16 19:01:11 3996 [Note] InnoDB: 128 rollback segment(s) are active.
2019-04-16 19:01:11 3996 [Note] InnoDB: Waiting for purge to start
2019-04-16 19:01:11 3996 [Note] InnoDB: 5.6.13 started; log sequence number 5689288
2019-04-16 19:01:11 3996 [Note] Server hostname (bind-address): '*'; port: 3307
2019-04-16 19:01:11 3996 [Note] IPv6 is available.
2019-04-16 19:01:11 3996 [Note]   - '::' resolves to '::';
2019-04-16 19:01:11 3996 [Note] Server socket created on IP: '::'.
2019-04-16 19:01:12 3996 [Note] Event Scheduler: Loaded 0 events
2019-04-16 19:01:12 3996 [Note] E:\Marcelo\Aulas\10 semestre\IA I\G1 - 16-04/mysql/bin/mysqld_usbwv8.exe: ready for connections.
Version: '5.6.13'  socket: ''  port: 3307  MySQL Community Server (GPL)
2019-04-16 20:07:01 4004 [Note] Plugin 'FEDERATED' is disabled.
2019-04-16 20:07:02 4004 [Note] InnoDB: The InnoDB memory heap is disabled
2019-04-16 20:07:02 4004 [Note] InnoDB: Mutexes and rw_locks use Windows interlocked functions
2019-04-16 20:07:02 4004 [Note] InnoDB: Compressed tables use zlib 1.2.3
2019-04-16 20:07:02 4004 [Note] InnoDB: Not using CPU crc32 instructions
2019-04-16 20:07:02 4004 [Note] InnoDB: Initializing buffer pool, size = 128.0M
2019-04-16 20:07:02 4004 [Note] InnoDB: Completed initialization of buffer pool
2019-04-16 20:07:02 4004 [Note] InnoDB: Highest supported file format is Barracuda.
2019-04-16 20:07:02 4004 [Note] InnoDB: The log sequence numbers 5500530 and 5500530 in ibdata files do not match the log sequence number 5691933 in the ib_logfiles!
2019-04-16 20:07:02 4004 [Note] InnoDB: Database was not shutdown normally!
2019-04-16 20:07:02 4004 [Note] InnoDB: Starting crash recovery.
2019-04-16 20:07:02 4004 [Note] InnoDB: Reading tablespace information from the .ibd files...
2019-04-16 20:07:02 4004 [Note] InnoDB: Restoring possible half-written data pages 
2019-04-16 20:07:02 4004 [Note] InnoDB: from the doublewrite buffer...
2019-04-16 20:07:03 4004 [Note] InnoDB: 128 rollback segment(s) are active.
2019-04-16 20:07:03 4004 [Note] InnoDB: Waiting for purge to start
2019-04-16 20:07:03 4004 [Note] InnoDB: 5.6.13 started; log sequence number 5691933
2019-04-16 20:07:03 4004 [Note] Server hostname (bind-address): '*'; port: 3307
2019-04-16 20:07:03 4004 [Note] IPv6 is available.
2019-04-16 20:07:03 4004 [Note]   - '::' resolves to '::';
2019-04-16 20:07:03 4004 [Note] Server socket created on IP: '::'.
2019-04-16 20:07:03 4004 [Note] Event Scheduler: Loaded 0 events
2019-04-16 20:07:03 4004 [Note] E:\Marcelo\Aulas\10 semestre\IA I\G1 - 16-04/mysql/bin/mysqld_usbwv8.exe: ready for connections.
Version: '5.6.13'  socket: ''  port: 3307  MySQL Community Server (GPL)
2019-04-16 20:16:56 4688 [Note] Plugin 'FEDERATED' is disabled.
2019-04-16 20:16:56 4688 [Note] InnoDB: The InnoDB memory heap is disabled
2019-04-16 20:16:56 4688 [Note] InnoDB: Mutexes and rw_locks use Windows interlocked functions
2019-04-16 20:16:56 4688 [Note] InnoDB: Compressed tables use zlib 1.2.3
2019-04-16 20:16:56 4688 [Note] InnoDB: Not using CPU crc32 instructions
2019-04-16 20:16:56 4688 [Note] InnoDB: Initializing buffer pool, size = 128.0M
2019-04-16 20:16:56 4688 [Note] InnoDB: Completed initialization of buffer pool
2019-04-16 20:16:56 4688 [Note] InnoDB: Highest supported file format is Barracuda.
2019-04-16 20:16:56 4688 [Note] InnoDB: The log sequence numbers 5500530 and 5500530 in ibdata files do not match the log sequence number 5691943 in the ib_logfiles!
2019-04-16 20:16:56 4688 [Note] InnoDB: Database was not shutdown normally!
2019-04-16 20:16:56 4688 [Note] InnoDB: Starting crash recovery.
2019-04-16 20:16:56 4688 [Note] InnoDB: Reading tablespace information from the .ibd files...
2019-04-16 20:16:56 4688 [Note] InnoDB: Restoring possible half-written data pages 
2019-04-16 20:16:56 4688 [Note] InnoDB: from the doublewrite buffer...
2019-04-16 20:16:57 4688 [Note] InnoDB: 128 rollback segment(s) are active.
2019-04-16 20:16:57 4688 [Note] InnoDB: Waiting for purge to start
2019-04-16 20:16:57 4688 [Note] InnoDB: 5.6.13 started; log sequence number 5691943
2019-04-16 20:16:57 4688 [Note] Server hostname (bind-address): '*'; port: 3307
2019-04-16 20:16:57 4688 [Note] IPv6 is available.
2019-04-16 20:16:57 4688 [Note]   - '::' resolves to '::';
2019-04-16 20:16:57 4688 [Note] Server socket created on IP: '::'.
2019-04-16 20:16:57 4688 [ERROR] Can't start server: Bind on TCP/IP port: No such file or directory
2019-04-16 20:16:57 4688 [ERROR] Do you already have another mysqld server running on port: 3307 ?
2019-04-16 20:16:57 4688 [ERROR] Aborting

2019-04-16 20:16:57 4688 [Note] Binlog end
2019-04-16 20:16:57 4688 [Note] Shutting down plugin 'partition'
2019-04-16 20:16:57 4688 [Note] Shutting down plugin 'PERFORMANCE_SCHEMA'
2019-04-16 20:16:57 4688 [Note] Shutting down plugin 'INNODB_SYS_DATAFILES'
2019-04-16 20:16:57 4688 [Note] Shutting down plugin 'INNODB_SYS_TABLESPACES'
2019-04-16 20:16:57 4688 [Note] Shutting down plugin 'INNODB_SYS_FOREIGN_COLS'
2019-04-16 20:16:57 4688 [Note] Shutting down plugin 'INNODB_SYS_FOREIGN'
2019-04-16 20:16:57 4688 [Note] Shutting down plugin 'INNODB_SYS_FIELDS'
2019-04-16 20:16:57 4688 [Note] Shutting down plugin 'INNODB_SYS_COLUMNS'
2019-04-16 20:16:57 4688 [Note] Shutting down plugin 'INNODB_SYS_INDEXES'
2019-04-16 20:16:57 4688 [Note] Shutting down plugin 'INNODB_SYS_TABLESTATS'
2019-04-16 20:16:57 4688 [Note] Shutting down plugin 'INNODB_SYS_TABLES'
2019-04-16 20:16:57 4688 [Note] Shutting down plugin 'INNODB_FT_INDEX_TABLE'
2019-04-16 20:16:57 4688 [Note] Shutting down plugin 'INNODB_FT_INDEX_CACHE'
2019-04-16 20:16:57 4688 [Note] Shutting down plugin 'INNODB_FT_CONFIG'
2019-04-16 20:16:57 4688 [Note] Shutting down plugin 'INNODB_FT_BEING_DELETED'
2019-04-16 20:16:57 4688 [Note] Shutting down plugin 'INNODB_FT_DELETED'
2019-04-16 20:16:57 4688 [Note] Shutting down plugin 'INNODB_FT_DEFAULT_STOPWORD'
2019-04-16 20:16:57 4688 [Note] Shutting down plugin 'INNODB_METRICS'
2019-04-16 20:16:57 4688 [Note] Shutting down plugin 'INNODB_BUFFER_POOL_STATS'
2019-04-16 20:16:57 4688 [Note] Shutting down plugin 'INNODB_BUFFER_PAGE_LRU'
2019-04-16 20:16:57 4688 [Note] Shutting down plugin 'INNODB_BUFFER_PAGE'
2019-04-16 20:16:57 4688 [Note] Shutting down plugin 'INNODB_CMP_PER_INDEX_RESET'
2019-04-16 20:16:57 4688 [Note] Shutting down plugin 'INNODB_CMP_PER_INDEX'
2019-04-16 20:16:57 4688 [Note] Shutting down plugin 'INNODB_CMPMEM_RESET'
2019-04-16 20:16:57 4688 [Note] Shutting down plugin 'INNODB_CMPMEM'
2019-04-16 20:16:57 4688 [Note] Shutting down plugin 'INNODB_CMP_RESET'
2019-04-16 20:16:57 4688 [Note] Shutting down plugin 'INNODB_CMP'
2019-04-16 20:16:57 4688 [Note] Shutting down plugin 'INNODB_LOCK_WAITS'
2019-04-16 20:16:57 4688 [Note] Shutting down plugin 'INNODB_LOCKS'
2019-04-16 20:16:57 4688 [Note] Shutting down plugin 'INNODB_TRX'
2019-04-16 20:16:57 4688 [Note] Shutting down plugin 'InnoDB'
2019-04-16 20:16:57 4688 [Note] InnoDB: FTS optimize thread exiting.
2019-04-16 20:16:57 4688 [Note] InnoDB: Starting shutdown...
2019-04-16 20:16:59 4688 [Note] InnoDB: Shutdown completed; log sequence number 5691953
2019-04-16 20:16:59 4688 [Note] Shutting down plugin 'BLACKHOLE'
2019-04-16 20:16:59 4688 [Note] Shutting down plugin 'ARCHIVE'
2019-04-16 20:16:59 4688 [Note] Shutting down plugin 'MRG_MYISAM'
2019-04-16 20:16:59 4688 [Note] Shutting down plugin 'MyISAM'
2019-04-16 20:16:59 4688 [Note] Shutting down plugin 'MEMORY'
2019-04-16 20:16:59 4688 [Note] Shutting down plugin 'CSV'
2019-04-16 20:16:59 4688 [Note] Shutting down plugin 'sha256_password'
2019-04-16 20:16:59 4688 [Note] Shutting down plugin 'mysql_old_password'
2019-04-16 20:16:59 4688 [Note] Shutting down plugin 'mysql_native_password'
2019-04-16 20:16:59 4688 [Note] Shutting down plugin 'binlog'
2019-04-16 20:16:59 4688 [Note] E:\Marcelo\Aulas\10 semestre\IA I\G1 - 16-04/mysql/bin/mysqld_usbwv8.exe: Shutdown complete

2019-04-16 20:17:42 4372 [Note] Plugin 'FEDERATED' is disabled.
2019-04-16 20:17:42 4372 [Note] InnoDB: The InnoDB memory heap is disabled
2019-04-16 20:17:42 4372 [Note] InnoDB: Mutexes and rw_locks use Windows interlocked functions
2019-04-16 20:17:42 4372 [Note] InnoDB: Compressed tables use zlib 1.2.3
2019-04-16 20:17:42 4372 [Note] InnoDB: Not using CPU crc32 instructions
2019-04-16 20:17:42 4372 [Note] InnoDB: Initializing buffer pool, size = 128.0M
2019-04-16 20:17:42 4372 [Note] InnoDB: Completed initialization of buffer pool
2019-04-16 20:17:42 4372 [Note] InnoDB: Highest supported file format is Barracuda.
2019-04-16 20:17:43 4372 [Note] InnoDB: 128 rollback segment(s) are active.
2019-04-16 20:17:43 4372 [Note] InnoDB: Waiting for purge to start
2019-04-16 20:17:43 4372 [Note] InnoDB: 5.6.13 started; log sequence number 5691953
2019-04-16 20:17:43 4372 [Note] Server hostname (bind-address): '*'; port: 3307
2019-04-16 20:17:43 4372 [Note] IPv6 is available.
2019-04-16 20:17:43 4372 [Note]   - '::' resolves to '::';
2019-04-16 20:17:43 4372 [Note] Server socket created on IP: '::'.
2019-04-16 20:17:43 4372 [Note] Event Scheduler: Loaded 0 events
2019-04-16 20:17:43 4372 [Note] E:\Marcelo\Aulas\10 semestre\IA I\G1 - 16-04/mysql/bin/mysqld_usbwv8.exe: ready for connections.
Version: '5.6.13'  socket: ''  port: 3307  MySQL Community Server (GPL)
2019-04-16 20:17:45 4656 [Note] Plugin 'FEDERATED' is disabled.
2019-04-16 20:17:45 4656 [Note] InnoDB: The InnoDB memory heap is disabled
2019-04-16 20:17:45 4656 [Note] InnoDB: Mutexes and rw_locks use Windows interlocked functions
2019-04-16 20:17:45 4656 [Note] InnoDB: Compressed tables use zlib 1.2.3
2019-04-16 20:17:45 4656 [Note] InnoDB: Not using CPU crc32 instructions
2019-04-16 20:17:45 4656 [Note] InnoDB: Initializing buffer pool, size = 128.0M
2019-04-16 20:17:45 4656 [Note] InnoDB: Completed initialization of buffer pool
2019-04-16 20:17:45 4656 [ERROR] InnoDB: E:\Marcelo\Aulas\10 semestre\IA I\G1 - 16-04\mysql\data\ibdata1 can't be opened in read-write mode
2019-04-16 20:17:45 4656 [ERROR] InnoDB: The system tablespace must be writable!
2019-04-16 20:17:45 4656 [ERROR] Plugin 'InnoDB' init function returned error.
2019-04-16 20:17:45 4656 [ERROR] Plugin 'InnoDB' registration as a STORAGE ENGINE failed.
2019-04-16 20:17:45 4656 [ERROR] Unknown/unsupported storage engine: InnoDB
2019-04-16 20:17:45 4656 [ERROR] Aborting

2019-04-16 20:17:45 4656 [Note] Binlog end
2019-04-16 20:17:45 4656 [Note] Shutting down plugin 'partition'
2019-04-16 20:17:45 4656 [Note] Shutting down plugin 'PERFORMANCE_SCHEMA'
2019-04-16 20:17:45 4656 [Note] Shutting down plugin 'INNODB_SYS_DATAFILES'
2019-04-16 20:17:45 4656 [Note] Shutting down plugin 'INNODB_SYS_TABLESPACES'
2019-04-16 20:17:45 4656 [Note] Shutting down plugin 'INNODB_SYS_FOREIGN_COLS'
2019-04-16 20:17:45 4656 [Note] Shutting down plugin 'INNODB_SYS_FOREIGN'
2019-04-16 20:17:45 4656 [Note] Shutting down plugin 'INNODB_SYS_FIELDS'
2019-04-16 20:17:45 4656 [Note] Shutting down plugin 'INNODB_SYS_COLUMNS'
2019-04-16 20:17:45 4656 [Note] Shutting down plugin 'INNODB_SYS_INDEXES'
2019-04-16 20:17:45 4656 [Note] Shutting down plugin 'INNODB_SYS_TABLESTATS'
2019-04-16 20:17:45 4656 [Note] Shutting down plugin 'INNODB_SYS_TABLES'
2019-04-16 20:17:45 4656 [Note] Shutting down plugin 'INNODB_FT_INDEX_TABLE'
2019-04-16 20:17:45 4656 [Note] Shutting down plugin 'INNODB_FT_INDEX_CACHE'
2019-04-16 20:17:45 4656 [Note] Shutting down plugin 'INNODB_FT_CONFIG'
2019-04-16 20:17:45 4656 [Note] Shutting down plugin 'INNODB_FT_BEING_DELETED'
2019-04-16 20:17:45 4656 [Note] Shutting down plugin 'INNODB_FT_DELETED'
2019-04-16 20:17:45 4656 [Note] Shutting down plugin 'INNODB_FT_DEFAULT_STOPWORD'
2019-04-16 20:17:45 4656 [Note] Shutting down plugin 'INNODB_METRICS'
2019-04-16 20:17:45 4656 [Note] Shutting down plugin 'INNODB_BUFFER_POOL_STATS'
2019-04-16 20:17:45 4656 [Note] Shutting down plugin 'INNODB_BUFFER_PAGE_LRU'
2019-04-16 20:17:45 4656 [Note] Shutting down plugin 'INNODB_BUFFER_PAGE'
2019-04-16 20:17:45 4656 [Note] Shutting down plugin 'INNODB_CMP_PER_INDEX_RESET'
2019-04-16 20:17:45 4656 [Note] Shutting down plugin 'INNODB_CMP_PER_INDEX'
2019-04-16 20:17:45 4656 [Note] Shutting down plugin 'INNODB_CMPMEM_RESET'
2019-04-16 20:17:45 4656 [Note] Shutting down plugin 'INNODB_CMPMEM'
2019-04-16 20:17:45 4656 [Note] Shutting down plugin 'INNODB_CMP_RESET'
2019-04-16 20:17:45 4656 [Note] Shutting down plugin 'INNODB_CMP'
2019-04-16 20:17:45 4656 [Note] Shutting down plugin 'INNODB_LOCK_WAITS'
2019-04-16 20:17:45 4656 [Note] Shutting down plugin 'INNODB_LOCKS'
2019-04-16 20:17:45 4656 [Note] Shutting down plugin 'INNODB_TRX'
2019-04-16 20:17:45 4656 [Note] Shutting down plugin 'BLACKHOLE'
2019-04-16 20:17:45 4656 [Note] Shutting down plugin 'ARCHIVE'
2019-04-16 20:17:45 4656 [Note] Shutting down plugin 'MRG_MYISAM'
2019-04-16 20:17:45 4656 [Note] Shutting down plugin 'MyISAM'
2019-04-16 20:17:45 4656 [Note] Shutting down plugin 'MEMORY'
2019-04-16 20:17:45 4656 [Note] Shutting down plugin 'CSV'
2019-04-16 20:17:45 4656 [Note] Shutting down plugin 'sha256_password'
2019-04-16 20:17:45 4656 [Note] Shutting down plugin 'mysql_old_password'
2019-04-16 20:17:45 4656 [Note] Shutting down plugin 'mysql_native_password'
2019-04-16 20:17:45 4656 [Note] Shutting down plugin 'binlog'
2019-04-16 20:17:45 4656 [Note] E:\Marcelo\Aulas\10 semestre\IA I\G1 - 16-04/mysql/bin/mysqld_usbwv8.exe: Shutdown complete

