2019-03-25 14:36:35 5300 [Note] Plugin 'FEDERATED' is disabled.
2019-03-25 14:36:35 5300 [Note] InnoDB: The InnoDB memory heap is disabled
2019-03-25 14:36:35 5300 [Note] InnoDB: Mutexes and rw_locks use Windows interlocked functions
2019-03-25 14:36:35 5300 [Note] InnoDB: Compressed tables use zlib 1.2.3
2019-03-25 14:36:35 5300 [Note] InnoDB: Not using CPU crc32 instructions
2019-03-25 14:36:35 5300 [Note] InnoDB: Initializing buffer pool, size = 128.0M
2019-03-25 14:36:35 5300 [Note] InnoDB: Completed initialization of buffer pool
2019-03-25 14:36:35 5300 [Note] InnoDB: Highest supported file format is Barracuda.
2019-03-25 14:36:35 5300 [Note] InnoDB: The log sequence numbers 5500530 and 5500530 in ibdata files do not match the log sequence number 5670254 in the ib_logfiles!
2019-03-25 14:36:35 5300 [Note] InnoDB: Database was not shutdown normally!
2019-03-25 14:36:35 5300 [Note] InnoDB: Starting crash recovery.
2019-03-25 14:36:35 5300 [Note] InnoDB: Reading tablespace information from the .ibd files...
2019-03-25 14:36:35 5300 [Note] InnoDB: Restoring possible half-written data pages 
2019-03-25 14:36:35 5300 [Note] InnoDB: from the doublewrite buffer...
2019-03-25 14:36:36 5300 [Note] InnoDB: 128 rollback segment(s) are active.
2019-03-25 14:36:36 5300 [Note] InnoDB: Waiting for purge to start
2019-03-25 14:36:36 5300 [Note] InnoDB: 5.6.13 started; log sequence number 5670254
2019-03-25 14:36:36 5300 [Note] Server hostname (bind-address): '*'; port: 3307
2019-03-25 14:36:36 5300 [Note] IPv6 is available.
2019-03-25 14:36:36 5300 [Note]   - '::' resolves to '::';
2019-03-25 14:36:36 5300 [Note] Server socket created on IP: '::'.
2019-03-25 14:53:24 2948 [Note] Plugin 'FEDERATED' is disabled.
2019-03-25 14:53:24 2948 [Note] InnoDB: The InnoDB memory heap is disabled
2019-03-25 14:53:24 2948 [Note] InnoDB: Mutexes and rw_locks use Windows interlocked functions
2019-03-25 14:53:24 2948 [Note] InnoDB: Compressed tables use zlib 1.2.3
2019-03-25 14:53:24 2948 [Note] InnoDB: Not using CPU crc32 instructions
2019-03-25 14:53:24 2948 [Note] InnoDB: Initializing buffer pool, size = 128.0M
2019-03-25 14:53:24 2948 [Note] InnoDB: Completed initialization of buffer pool
2019-03-25 14:53:24 2948 [ERROR] InnoDB: F:\Marcelo\Aulas\10 semestre\IA I\G1 - 25-03\mysql\data\ibdata1 can't be opened in read-write mode
2019-03-25 14:53:24 2948 [ERROR] InnoDB: The system tablespace must be writable!
2019-03-25 14:53:24 2948 [ERROR] Plugin 'InnoDB' init function returned error.
2019-03-25 14:53:24 2948 [ERROR] Plugin 'InnoDB' registration as a STORAGE ENGINE failed.
2019-03-25 14:53:24 2948 [ERROR] Unknown/unsupported storage engine: InnoDB
2019-03-25 14:53:24 2948 [ERROR] Aborting

2019-03-25 14:53:24 2948 [Note] Binlog end
2019-03-25 14:53:24 2948 [Note] Shutting down plugin 'partition'
2019-03-25 14:53:24 2948 [Note] Shutting down plugin 'PERFORMANCE_SCHEMA'
2019-03-25 14:53:24 2948 [Note] Shutting down plugin 'INNODB_SYS_DATAFILES'
2019-03-25 14:53:24 2948 [Note] Shutting down plugin 'INNODB_SYS_TABLESPACES'
2019-03-25 14:53:24 2948 [Note] Shutting down plugin 'INNODB_SYS_FOREIGN_COLS'
2019-03-25 14:53:24 2948 [Note] Shutting down plugin 'INNODB_SYS_FOREIGN'
2019-03-25 14:53:24 2948 [Note] Shutting down plugin 'INNODB_SYS_FIELDS'
2019-03-25 14:53:24 2948 [Note] Shutting down plugin 'INNODB_SYS_COLUMNS'
2019-03-25 14:53:24 2948 [Note] Shutting down plugin 'INNODB_SYS_INDEXES'
2019-03-25 14:53:24 2948 [Note] Shutting down plugin 'INNODB_SYS_TABLESTATS'
2019-03-25 14:53:24 2948 [Note] Shutting down plugin 'INNODB_SYS_TABLES'
2019-03-25 14:53:24 2948 [Note] Shutting down plugin 'INNODB_FT_INDEX_TABLE'
2019-03-25 14:53:24 2948 [Note] Shutting down plugin 'INNODB_FT_INDEX_CACHE'
2019-03-25 14:53:24 2948 [Note] Shutting down plugin 'INNODB_FT_CONFIG'
2019-03-25 14:53:24 2948 [Note] Shutting down plugin 'INNODB_FT_BEING_DELETED'
2019-03-25 14:53:24 2948 [Note] Shutting down plugin 'INNODB_FT_DELETED'
2019-03-25 14:53:24 2948 [Note] Shutting down plugin 'INNODB_FT_DEFAULT_STOPWORD'
2019-03-25 14:53:24 2948 [Note] Shutting down plugin 'INNODB_METRICS'
2019-03-25 14:53:24 2948 [Note] Shutting down plugin 'INNODB_BUFFER_POOL_STATS'
2019-03-25 14:53:24 2948 [Note] Shutting down plugin 'INNODB_BUFFER_PAGE_LRU'
2019-03-25 14:53:24 2948 [Note] Shutting down plugin 'INNODB_BUFFER_PAGE'
2019-03-25 14:53:24 2948 [Note] Shutting down plugin 'INNODB_CMP_PER_INDEX_RESET'
2019-03-25 14:53:24 2948 [Note] Shutting down plugin 'INNODB_CMP_PER_INDEX'
2019-03-25 14:53:24 2948 [Note] Shutting down plugin 'INNODB_CMPMEM_RESET'
2019-03-25 14:53:24 2948 [Note] Shutting down plugin 'INNODB_CMPMEM'
2019-03-25 14:53:24 2948 [Note] Shutting down plugin 'INNODB_CMP_RESET'
2019-03-25 14:53:24 2948 [Note] Shutting down plugin 'INNODB_CMP'
2019-03-25 14:53:24 2948 [Note] Shutting down plugin 'INNODB_LOCK_WAITS'
2019-03-25 14:53:24 2948 [Note] Shutting down plugin 'INNODB_LOCKS'
2019-03-25 14:53:24 2948 [Note] Shutting down plugin 'INNODB_TRX'
2019-03-25 14:53:24 2948 [Note] Shutting down plugin 'BLACKHOLE'
2019-03-25 14:53:24 2948 [Note] Shutting down plugin 'ARCHIVE'
2019-03-25 14:53:24 2948 [Note] Shutting down plugin 'MRG_MYISAM'
2019-03-25 14:53:24 2948 [Note] Shutting down plugin 'MyISAM'
2019-03-25 14:53:24 2948 [Note] Shutting down plugin 'MEMORY'
2019-03-25 14:53:24 2948 [Note] Shutting down plugin 'CSV'
2019-03-25 14:53:24 2948 [Note] Shutting down plugin 'sha256_password'
2019-03-25 14:53:24 2948 [Note] Shutting down plugin 'mysql_old_password'
2019-03-25 14:53:24 2948 [Note] Shutting down plugin 'mysql_native_password'
2019-03-25 14:53:24 2948 [Note] Shutting down plugin 'binlog'
2019-03-25 14:53:24 2948 [Note] F:\Marcelo\Aulas\10 semestre\IA I\G1 - 25-03/mysql/bin/mysqld_usbwv8.exe: Shutdown complete

2019-03-25 14:53:45 12512 [Note] Plugin 'FEDERATED' is disabled.
2019-03-25 14:53:45 12512 [Note] InnoDB: The InnoDB memory heap is disabled
2019-03-25 14:53:45 12512 [Note] InnoDB: Mutexes and rw_locks use Windows interlocked functions
2019-03-25 14:53:45 12512 [Note] InnoDB: Compressed tables use zlib 1.2.3
2019-03-25 14:53:45 12512 [Note] InnoDB: Not using CPU crc32 instructions
2019-03-25 14:53:45 12512 [Note] InnoDB: Initializing buffer pool, size = 128.0M
2019-03-25 14:53:45 12512 [Note] InnoDB: Completed initialization of buffer pool
2019-03-25 14:53:45 12512 [Note] InnoDB: Highest supported file format is Barracuda.
2019-03-25 14:53:45 12512 [Note] InnoDB: The log sequence numbers 5500530 and 5500530 in ibdata files do not match the log sequence number 5670568 in the ib_logfiles!
2019-03-25 14:53:45 12512 [Note] InnoDB: Database was not shutdown normally!
2019-03-25 14:53:45 12512 [Note] InnoDB: Starting crash recovery.
2019-03-25 14:53:45 12512 [Note] InnoDB: Reading tablespace information from the .ibd files...
2019-03-25 14:53:45 12512 [Note] InnoDB: Restoring possible half-written data pages 
2019-03-25 14:53:45 12512 [Note] InnoDB: from the doublewrite buffer...
2019-03-25 14:53:46 12512 [Note] InnoDB: 128 rollback segment(s) are active.
2019-03-25 14:53:46 12512 [Note] InnoDB: Waiting for purge to start
2019-03-25 14:53:46 12512 [Note] InnoDB: 5.6.13 started; log sequence number 5670568
2019-03-25 14:53:46 12512 [Note] Server hostname (bind-address): '*'; port: 3307
2019-03-25 14:53:46 12512 [Note] IPv6 is available.
2019-03-25 14:53:46 12512 [Note]   - '::' resolves to '::';
2019-03-25 14:53:46 12512 [Note] Server socket created on IP: '::'.
2019-03-25 18:35:37 18664 [Note] Plugin 'FEDERATED' is disabled.
2019-03-25 18:35:37 18664 [Note] InnoDB: The InnoDB memory heap is disabled
2019-03-25 18:35:37 18664 [Note] InnoDB: Mutexes and rw_locks use Windows interlocked functions
2019-03-25 18:35:37 18664 [Note] InnoDB: Compressed tables use zlib 1.2.3
2019-03-25 18:35:37 18664 [Note] InnoDB: Not using CPU crc32 instructions
2019-03-25 18:35:37 18664 [Note] InnoDB: Initializing buffer pool, size = 128.0M
2019-03-25 18:35:37 18664 [Note] InnoDB: Completed initialization of buffer pool
2019-03-25 18:35:37 18664 [Note] InnoDB: Highest supported file format is Barracuda.
2019-03-25 18:35:37 18664 [Note] InnoDB: The log sequence numbers 5500530 and 5500530 in ibdata files do not match the log sequence number 5683941 in the ib_logfiles!
2019-03-25 18:35:37 18664 [Note] InnoDB: Database was not shutdown normally!
2019-03-25 18:35:37 18664 [Note] InnoDB: Starting crash recovery.
2019-03-25 18:35:37 18664 [Note] InnoDB: Reading tablespace information from the .ibd files...
2019-03-25 18:35:37 18664 [Note] InnoDB: Restoring possible half-written data pages 
2019-03-25 18:35:37 18664 [Note] InnoDB: from the doublewrite buffer...
2019-03-25 18:35:37 18664 [Note] InnoDB: 128 rollback segment(s) are active.
2019-03-25 18:35:37 18664 [Note] InnoDB: Waiting for purge to start
2019-03-25 18:35:38 18664 [Note] InnoDB: 5.6.13 started; log sequence number 5683941
2019-03-25 18:35:38 18664 [Note] Server hostname (bind-address): '*'; port: 3307
2019-03-25 18:35:38 18664 [Note] IPv6 is available.
2019-03-25 18:35:38 18664 [Note]   - '::' resolves to '::';
2019-03-25 18:35:38 18664 [Note] Server socket created on IP: '::'.
2019-03-26 09:34:14 11256 [Note] Plugin 'FEDERATED' is disabled.
2019-03-26 09:34:14 11256 [Note] InnoDB: The InnoDB memory heap is disabled
2019-03-26 09:34:14 11256 [Note] InnoDB: Mutexes and rw_locks use Windows interlocked functions
2019-03-26 09:34:14 11256 [Note] InnoDB: Compressed tables use zlib 1.2.3
2019-03-26 09:34:14 11256 [Note] InnoDB: Not using CPU crc32 instructions
2019-03-26 09:34:14 11256 [Note] InnoDB: Initializing buffer pool, size = 128.0M
2019-03-26 09:34:14 11256 [Note] InnoDB: Completed initialization of buffer pool
2019-03-26 09:34:14 11256 [Note] InnoDB: Highest supported file format is Barracuda.
2019-03-26 09:34:14 11256 [Note] InnoDB: The log sequence numbers 5500530 and 5500530 in ibdata files do not match the log sequence number 5684303 in the ib_logfiles!
2019-03-26 09:34:14 11256 [Note] InnoDB: Database was not shutdown normally!
2019-03-26 09:34:14 11256 [Note] InnoDB: Starting crash recovery.
2019-03-26 09:34:14 11256 [Note] InnoDB: Reading tablespace information from the .ibd files...
2019-03-26 09:34:14 11256 [Note] InnoDB: Restoring possible half-written data pages 
2019-03-26 09:34:14 11256 [Note] InnoDB: from the doublewrite buffer...
2019-03-26 09:34:15 11256 [Note] InnoDB: 128 rollback segment(s) are active.
2019-03-26 09:34:15 11256 [Note] InnoDB: Waiting for purge to start
2019-03-26 09:34:15 11256 [Note] InnoDB: 5.6.13 started; log sequence number 5684303
2019-03-26 09:34:15 11256 [Note] Server hostname (bind-address): '*'; port: 3307
2019-03-26 09:34:15 11256 [Note] IPv6 is available.
2019-03-26 09:34:15 11256 [Note]   - '::' resolves to '::';
2019-03-26 09:34:15 11256 [Note] Server socket created on IP: '::'.
2019-03-26 10:25:24 5660 [Note] Plugin 'FEDERATED' is disabled.
2019-03-26 10:25:24 5660 [Note] InnoDB: The InnoDB memory heap is disabled
2019-03-26 10:25:24 5660 [Note] InnoDB: Mutexes and rw_locks use Windows interlocked functions
2019-03-26 10:25:24 5660 [Note] InnoDB: Compressed tables use zlib 1.2.3
2019-03-26 10:25:24 5660 [Note] InnoDB: Not using CPU crc32 instructions
2019-03-26 10:25:24 5660 [Note] InnoDB: Initializing buffer pool, size = 128.0M
2019-03-26 10:25:24 5660 [Note] InnoDB: Completed initialization of buffer pool
2019-03-26 10:25:24 5660 [ERROR] InnoDB: F:\Marcelo\Aulas\10 semestre\IA I\G1 - 25-03\mysql\data\ibdata1 can't be opened in read-write mode
2019-03-26 10:25:24 5660 [ERROR] InnoDB: The system tablespace must be writable!
2019-03-26 10:25:24 5660 [ERROR] Plugin 'InnoDB' init function returned error.
2019-03-26 10:25:24 5660 [ERROR] Plugin 'InnoDB' registration as a STORAGE ENGINE failed.
2019-03-26 10:25:24 5660 [ERROR] Unknown/unsupported storage engine: InnoDB
2019-03-26 10:25:24 5660 [ERROR] Aborting

2019-03-26 10:25:24 5660 [Note] Binlog end
2019-03-26 10:25:24 5660 [Note] Shutting down plugin 'partition'
2019-03-26 10:25:24 5660 [Note] Shutting down plugin 'PERFORMANCE_SCHEMA'
2019-03-26 10:25:24 5660 [Note] Shutting down plugin 'INNODB_SYS_DATAFILES'
2019-03-26 10:25:24 5660 [Note] Shutting down plugin 'INNODB_SYS_TABLESPACES'
2019-03-26 10:25:24 5660 [Note] Shutting down plugin 'INNODB_SYS_FOREIGN_COLS'
2019-03-26 10:25:24 5660 [Note] Shutting down plugin 'INNODB_SYS_FOREIGN'
2019-03-26 10:25:24 5660 [Note] Shutting down plugin 'INNODB_SYS_FIELDS'
2019-03-26 10:25:24 5660 [Note] Shutting down plugin 'INNODB_SYS_COLUMNS'
2019-03-26 10:25:24 5660 [Note] Shutting down plugin 'INNODB_SYS_INDEXES'
2019-03-26 10:25:24 5660 [Note] Shutting down plugin 'INNODB_SYS_TABLESTATS'
2019-03-26 10:25:24 5660 [Note] Shutting down plugin 'INNODB_SYS_TABLES'
2019-03-26 10:25:24 5660 [Note] Shutting down plugin 'INNODB_FT_INDEX_TABLE'
2019-03-26 10:25:24 5660 [Note] Shutting down plugin 'INNODB_FT_INDEX_CACHE'
2019-03-26 10:25:24 5660 [Note] Shutting down plugin 'INNODB_FT_CONFIG'
2019-03-26 10:25:24 5660 [Note] Shutting down plugin 'INNODB_FT_BEING_DELETED'
2019-03-26 10:25:24 5660 [Note] Shutting down plugin 'INNODB_FT_DELETED'
2019-03-26 10:25:24 5660 [Note] Shutting down plugin 'INNODB_FT_DEFAULT_STOPWORD'
2019-03-26 10:25:24 5660 [Note] Shutting down plugin 'INNODB_METRICS'
2019-03-26 10:25:24 5660 [Note] Shutting down plugin 'INNODB_BUFFER_POOL_STATS'
2019-03-26 10:25:24 5660 [Note] Shutting down plugin 'INNODB_BUFFER_PAGE_LRU'
2019-03-26 10:25:24 5660 [Note] Shutting down plugin 'INNODB_BUFFER_PAGE'
2019-03-26 10:25:24 5660 [Note] Shutting down plugin 'INNODB_CMP_PER_INDEX_RESET'
2019-03-26 10:25:24 5660 [Note] Shutting down plugin 'INNODB_CMP_PER_INDEX'
2019-03-26 10:25:24 5660 [Note] Shutting down plugin 'INNODB_CMPMEM_RESET'
2019-03-26 10:25:24 5660 [Note] Shutting down plugin 'INNODB_CMPMEM'
2019-03-26 10:25:24 5660 [Note] Shutting down plugin 'INNODB_CMP_RESET'
2019-03-26 10:25:24 5660 [Note] Shutting down plugin 'INNODB_CMP'
2019-03-26 10:25:24 5660 [Note] Shutting down plugin 'INNODB_LOCK_WAITS'
2019-03-26 10:25:24 5660 [Note] Shutting down plugin 'INNODB_LOCKS'
2019-03-26 10:25:24 5660 [Note] Shutting down plugin 'INNODB_TRX'
2019-03-26 10:25:24 5660 [Note] Shutting down plugin 'BLACKHOLE'
2019-03-26 10:25:24 5660 [Note] Shutting down plugin 'ARCHIVE'
2019-03-26 10:25:24 5660 [Note] Shutting down plugin 'MRG_MYISAM'
2019-03-26 10:25:24 5660 [Note] Shutting down plugin 'MyISAM'
2019-03-26 10:25:24 5660 [Note] Shutting down plugin 'MEMORY'
2019-03-26 10:25:24 5660 [Note] Shutting down plugin 'CSV'
2019-03-26 10:25:24 5660 [Note] Shutting down plugin 'sha256_password'
2019-03-26 10:25:24 5660 [Note] Shutting down plugin 'mysql_old_password'
2019-03-26 10:25:24 5660 [Note] Shutting down plugin 'mysql_native_password'
2019-03-26 10:25:24 5660 [Note] Shutting down plugin 'binlog'
2019-03-26 10:25:24 5660 [Note] F:\Marcelo\Aulas\10 semestre\IA I\G1 - 25-03/mysql/bin/mysqld_usbwv8.exe: Shutdown complete

2019-03-26 10:25:27 1968 [Note] Plugin 'FEDERATED' is disabled.
2019-03-26 10:25:27 1968 [Note] InnoDB: The InnoDB memory heap is disabled
2019-03-26 10:25:27 1968 [Note] InnoDB: Mutexes and rw_locks use Windows interlocked functions
2019-03-26 10:25:27 1968 [Note] InnoDB: Compressed tables use zlib 1.2.3
2019-03-26 10:25:27 1968 [Note] InnoDB: Not using CPU crc32 instructions
2019-03-26 10:25:27 1968 [Note] InnoDB: Initializing buffer pool, size = 128.0M
2019-03-26 10:25:27 1968 [Note] InnoDB: Completed initialization of buffer pool
2019-03-26 10:25:27 1968 [ERROR] InnoDB: F:\Marcelo\Aulas\10 semestre\IA I\G1 - 25-03\mysql\data\ibdata1 can't be opened in read-write mode
2019-03-26 10:25:27 1968 [ERROR] InnoDB: The system tablespace must be writable!
2019-03-26 10:25:27 1968 [ERROR] Plugin 'InnoDB' init function returned error.
2019-03-26 10:25:27 1968 [ERROR] Plugin 'InnoDB' registration as a STORAGE ENGINE failed.
2019-03-26 10:25:27 1968 [ERROR] Unknown/unsupported storage engine: InnoDB
2019-03-26 10:25:27 1968 [ERROR] Aborting

2019-03-26 10:25:27 1968 [Note] Binlog end
2019-03-26 10:25:27 1968 [Note] Shutting down plugin 'partition'
2019-03-26 10:25:27 1968 [Note] Shutting down plugin 'PERFORMANCE_SCHEMA'
2019-03-26 10:25:27 1968 [Note] Shutting down plugin 'INNODB_SYS_DATAFILES'
2019-03-26 10:25:27 1968 [Note] Shutting down plugin 'INNODB_SYS_TABLESPACES'
2019-03-26 10:25:27 1968 [Note] Shutting down plugin 'INNODB_SYS_FOREIGN_COLS'
2019-03-26 10:25:27 1968 [Note] Shutting down plugin 'INNODB_SYS_FOREIGN'
2019-03-26 10:25:27 1968 [Note] Shutting down plugin 'INNODB_SYS_FIELDS'
2019-03-26 10:25:27 1968 [Note] Shutting down plugin 'INNODB_SYS_COLUMNS'
2019-03-26 10:25:27 1968 [Note] Shutting down plugin 'INNODB_SYS_INDEXES'
2019-03-26 10:25:27 1968 [Note] Shutting down plugin 'INNODB_SYS_TABLESTATS'
2019-03-26 10:25:27 1968 [Note] Shutting down plugin 'INNODB_SYS_TABLES'
2019-03-26 10:25:27 1968 [Note] Shutting down plugin 'INNODB_FT_INDEX_TABLE'
2019-03-26 10:25:27 1968 [Note] Shutting down plugin 'INNODB_FT_INDEX_CACHE'
2019-03-26 10:25:27 1968 [Note] Shutting down plugin 'INNODB_FT_CONFIG'
2019-03-26 10:25:27 1968 [Note] Shutting down plugin 'INNODB_FT_BEING_DELETED'
2019-03-26 10:25:27 1968 [Note] Shutting down plugin 'INNODB_FT_DELETED'
2019-03-26 10:25:27 1968 [Note] Shutting down plugin 'INNODB_FT_DEFAULT_STOPWORD'
2019-03-26 10:25:27 1968 [Note] Shutting down plugin 'INNODB_METRICS'
2019-03-26 10:25:27 1968 [Note] Shutting down plugin 'INNODB_BUFFER_POOL_STATS'
2019-03-26 10:25:27 1968 [Note] Shutting down plugin 'INNODB_BUFFER_PAGE_LRU'
2019-03-26 10:25:27 1968 [Note] Shutting down plugin 'INNODB_BUFFER_PAGE'
2019-03-26 10:25:27 1968 [Note] Shutting down plugin 'INNODB_CMP_PER_INDEX_RESET'
2019-03-26 10:25:27 1968 [Note] Shutting down plugin 'INNODB_CMP_PER_INDEX'
2019-03-26 10:25:27 1968 [Note] Shutting down plugin 'INNODB_CMPMEM_RESET'
2019-03-26 10:25:27 1968 [Note] Shutting down plugin 'INNODB_CMPMEM'
2019-03-26 10:25:27 1968 [Note] Shutting down plugin 'INNODB_CMP_RESET'
2019-03-26 10:25:27 1968 [Note] Shutting down plugin 'INNODB_CMP'
2019-03-26 10:25:27 1968 [Note] Shutting down plugin 'INNODB_LOCK_WAITS'
2019-03-26 10:25:27 1968 [Note] Shutting down plugin 'INNODB_LOCKS'
2019-03-26 10:25:27 1968 [Note] Shutting down plugin 'INNODB_TRX'
2019-03-26 10:25:27 1968 [Note] Shutting down plugin 'BLACKHOLE'
2019-03-26 10:25:27 1968 [Note] Shutting down plugin 'ARCHIVE'
2019-03-26 10:25:27 1968 [Note] Shutting down plugin 'MRG_MYISAM'
2019-03-26 10:25:27 1968 [Note] Shutting down plugin 'MyISAM'
2019-03-26 10:25:27 1968 [Note] Shutting down plugin 'MEMORY'
2019-03-26 10:25:27 1968 [Note] Shutting down plugin 'CSV'
2019-03-26 10:25:27 1968 [Note] Shutting down plugin 'sha256_password'
2019-03-26 10:25:27 1968 [Note] Shutting down plugin 'mysql_old_password'
2019-03-26 10:25:27 1968 [Note] Shutting down plugin 'mysql_native_password'
2019-03-26 10:25:27 1968 [Note] Shutting down plugin 'binlog'
2019-03-26 10:25:27 1968 [Note] F:\Marcelo\Aulas\10 semestre\IA I\G1 - 25-03/mysql/bin/mysqld_usbwv8.exe: Shutdown complete

2019-03-26 10:46:00 15524 [Note] Plugin 'FEDERATED' is disabled.
2019-03-26 10:46:00 15524 [Note] InnoDB: The InnoDB memory heap is disabled
2019-03-26 10:46:00 15524 [Note] InnoDB: Mutexes and rw_locks use Windows interlocked functions
2019-03-26 10:46:00 15524 [Note] InnoDB: Compressed tables use zlib 1.2.3
2019-03-26 10:46:00 15524 [Note] InnoDB: Not using CPU crc32 instructions
2019-03-26 10:46:00 15524 [Note] InnoDB: Initializing buffer pool, size = 128.0M
2019-03-26 10:46:00 15524 [Note] InnoDB: Completed initialization of buffer pool
2019-03-26 10:46:00 15524 [Note] InnoDB: Highest supported file format is Barracuda.
2019-03-26 10:46:00 15524 [Note] InnoDB: The log sequence numbers 5500530 and 5500530 in ibdata files do not match the log sequence number 5684313 in the ib_logfiles!
2019-03-26 10:46:00 15524 [Note] InnoDB: Database was not shutdown normally!
2019-03-26 10:46:00 15524 [Note] InnoDB: Starting crash recovery.
2019-03-26 10:46:00 15524 [Note] InnoDB: Reading tablespace information from the .ibd files...
2019-03-26 10:46:00 15524 [Note] InnoDB: Restoring possible half-written data pages 
2019-03-26 10:46:00 15524 [Note] InnoDB: from the doublewrite buffer...
2019-03-26 10:46:00 15524 [Note] InnoDB: 128 rollback segment(s) are active.
2019-03-26 10:46:00 15524 [Note] InnoDB: Waiting for purge to start
2019-03-26 10:46:00 15524 [Note] InnoDB: 5.6.13 started; log sequence number 5684313
2019-03-26 10:46:00 15524 [Note] Server hostname (bind-address): '*'; port: 3307
2019-03-26 10:46:00 15524 [Note] IPv6 is available.
2019-03-26 10:46:00 15524 [Note]   - '::' resolves to '::';
2019-03-26 10:46:00 15524 [Note] Server socket created on IP: '::'.
2019-04-02 11:22:18 14072 [Note] Plugin 'FEDERATED' is disabled.
2019-04-02 11:22:18 14072 [Note] InnoDB: The InnoDB memory heap is disabled
2019-04-02 11:22:18 14072 [Note] InnoDB: Mutexes and rw_locks use Windows interlocked functions
2019-04-02 11:22:18 14072 [Note] InnoDB: Compressed tables use zlib 1.2.3
2019-04-02 11:22:18 14072 [Note] InnoDB: Not using CPU crc32 instructions
2019-04-02 11:22:18 14072 [Note] InnoDB: Initializing buffer pool, size = 128.0M
2019-04-02 11:22:18 14072 [Note] InnoDB: Completed initialization of buffer pool
2019-04-02 11:22:19 14072 [Note] InnoDB: Highest supported file format is Barracuda.
2019-04-02 11:22:19 14072 [Note] InnoDB: The log sequence numbers 5500530 and 5500530 in ibdata files do not match the log sequence number 5684323 in the ib_logfiles!
2019-04-02 11:22:19 14072 [Note] InnoDB: Database was not shutdown normally!
2019-04-02 11:22:19 14072 [Note] InnoDB: Starting crash recovery.
2019-04-02 11:22:19 14072 [Note] InnoDB: Reading tablespace information from the .ibd files...
2019-04-02 11:22:19 14072 [Note] InnoDB: Restoring possible half-written data pages 
2019-04-02 11:22:19 14072 [Note] InnoDB: from the doublewrite buffer...
2019-04-02 11:22:20 14072 [Note] InnoDB: 128 rollback segment(s) are active.
2019-04-02 11:22:20 14072 [Note] InnoDB: Waiting for purge to start
2019-04-02 11:22:20 14072 [Note] InnoDB: 5.6.13 started; log sequence number 5684323
2019-04-02 11:22:20 14072 [Note] Server hostname (bind-address): '*'; port: 3307
2019-04-02 11:22:20 14072 [Note] IPv6 is available.
2019-04-02 11:22:20 14072 [Note]   - '::' resolves to '::';
2019-04-02 11:22:20 14072 [Note] Server socket created on IP: '::'.
2019-04-02 11:22:20 14072 [Note] Event Scheduler: Loaded 0 events
2019-04-02 11:22:20 14072 [Note] F:\Marcelo\Aulas\10 semestre\IA I\G1 - 02-04/mysql/bin/mysqld_usbwv8.exe: ready for connections.
Version: '5.6.13'  socket: ''  port: 3307  MySQL Community Server (GPL)
2019-04-09 17:52:31 9192 [Note] Plugin 'FEDERATED' is disabled.
2019-04-09 17:52:31 9192 [Note] InnoDB: The InnoDB memory heap is disabled
2019-04-09 17:52:31 9192 [Note] InnoDB: Mutexes and rw_locks use Windows interlocked functions
2019-04-09 17:52:31 9192 [Note] InnoDB: Compressed tables use zlib 1.2.3
2019-04-09 17:52:31 9192 [Note] InnoDB: Not using CPU crc32 instructions
2019-04-09 17:52:31 9192 [Note] InnoDB: Initializing buffer pool, size = 128.0M
2019-04-09 17:52:31 9192 [Note] InnoDB: Completed initialization of buffer pool
2019-04-09 17:52:31 9192 [Note] InnoDB: Highest supported file format is Barracuda.
2019-04-09 17:52:32 9192 [Note] InnoDB: The log sequence numbers 5500530 and 5500530 in ibdata files do not match the log sequence number 5687490 in the ib_logfiles!
2019-04-09 17:52:32 9192 [Note] InnoDB: Database was not shutdown normally!
2019-04-09 17:52:32 9192 [Note] InnoDB: Starting crash recovery.
2019-04-09 17:52:32 9192 [Note] InnoDB: Reading tablespace information from the .ibd files...
2019-04-09 17:52:32 9192 [Note] InnoDB: Restoring possible half-written data pages 
2019-04-09 17:52:32 9192 [Note] InnoDB: from the doublewrite buffer...
2019-04-09 17:52:33 9192 [Note] InnoDB: 128 rollback segment(s) are active.
2019-04-09 17:52:33 9192 [Note] InnoDB: Waiting for purge to start
2019-04-09 17:52:33 9192 [Note] InnoDB: 5.6.13 started; log sequence number 5687490
2019-04-09 17:52:33 9192 [Note] Server hostname (bind-address): '*'; port: 3307
2019-04-09 17:52:33 9192 [Note] IPv6 is available.
2019-04-09 17:52:33 9192 [Note]   - '::' resolves to '::';
2019-04-09 17:52:33 9192 [Note] Server socket created on IP: '::'.
2019-04-16 13:03:50 22348 [Note] Plugin 'FEDERATED' is disabled.
2019-04-16 13:03:50 22348 [Note] InnoDB: The InnoDB memory heap is disabled
2019-04-16 13:03:50 22348 [Note] InnoDB: Mutexes and rw_locks use Windows interlocked functions
2019-04-16 13:03:50 22348 [Note] InnoDB: Compressed tables use zlib 1.2.3
2019-04-16 13:03:50 22348 [Note] InnoDB: Not using CPU crc32 instructions
2019-04-16 13:03:50 22348 [Note] InnoDB: Initializing buffer pool, size = 128.0M
2019-04-16 13:03:50 22348 [Note] InnoDB: Completed initialization of buffer pool
2019-04-16 13:03:50 22348 [Note] InnoDB: Highest supported file format is Barracuda.
2019-04-16 13:03:50 22348 [Note] InnoDB: The log sequence numbers 5500530 and 5500530 in ibdata files do not match the log sequence number 5688593 in the ib_logfiles!
2019-04-16 13:03:50 22348 [Note] InnoDB: Database was not shutdown normally!
2019-04-16 13:03:50 22348 [Note] InnoDB: Starting crash recovery.
2019-04-16 13:03:50 22348 [Note] InnoDB: Reading tablespace information from the .ibd files...
2019-04-16 13:03:50 22348 [Note] InnoDB: Restoring possible half-written data pages 
2019-04-16 13:03:50 22348 [Note] InnoDB: from the doublewrite buffer...
2019-04-16 13:03:51 22348 [Note] InnoDB: 128 rollback segment(s) are active.
2019-04-16 13:03:51 22348 [Note] InnoDB: Waiting for purge to start
2019-04-16 13:03:51 22348 [Note] InnoDB: 5.6.13 started; log sequence number 5688593
2019-04-16 13:03:51 22348 [Note] Server hostname (bind-address): '*'; port: 3307
2019-04-16 13:03:51 22348 [Note] IPv6 is available.
2019-04-16 13:03:51 22348 [Note]   - '::' resolves to '::';
2019-04-16 13:03:51 22348 [Note] Server socket created on IP: '::'.
2019-04-16 18:04:46 27720 [Note] Plugin 'FEDERATED' is disabled.
2019-04-16 18:04:46 27720 [Note] InnoDB: The InnoDB memory heap is disabled
2019-04-16 18:04:46 27720 [Note] InnoDB: Mutexes and rw_locks use Windows interlocked functions
2019-04-16 18:04:46 27720 [Note] InnoDB: Compressed tables use zlib 1.2.3
2019-04-16 18:04:46 27720 [Note] InnoDB: Not using CPU crc32 instructions
2019-04-16 18:04:46 27720 [Note] InnoDB: Initializing buffer pool, size = 128.0M
2019-04-16 18:04:46 27720 [Note] InnoDB: Completed initialization of buffer pool
2019-04-16 18:04:46 27720 [Note] InnoDB: Highest supported file format is Barracuda.
2019-04-16 18:04:46 27720 [Note] InnoDB: The log sequence numbers 5500530 and 5500530 in ibdata files do not match the log sequence number 5688603 in the ib_logfiles!
2019-04-16 18:04:46 27720 [Note] InnoDB: Database was not shutdown normally!
2019-04-16 18:04:46 27720 [Note] InnoDB: Starting crash recovery.
2019-04-16 18:04:46 27720 [Note] InnoDB: Reading tablespace information from the .ibd files...
2019-04-16 18:04:46 27720 [Note] InnoDB: Restoring possible half-written data pages 
2019-04-16 18:04:46 27720 [Note] InnoDB: from the doublewrite buffer...
2019-04-16 18:04:47 27720 [Note] InnoDB: 128 rollback segment(s) are active.
2019-04-16 18:04:47 27720 [Note] InnoDB: Waiting for purge to start
2019-04-16 18:04:47 27720 [Note] InnoDB: 5.6.13 started; log sequence number 5688603
2019-04-16 18:04:47 27720 [Note] Server hostname (bind-address): '*'; port: 3307
2019-04-16 18:04:47 27720 [Note] IPv6 is available.
2019-04-16 18:04:47 27720 [Note]   - '::' resolves to '::';
2019-04-16 18:04:47 27720 [Note] Server socket created on IP: '::'.
2019-04-16 18:04:47 27720 [Note] Event Scheduler: Loaded 0 events
2019-04-16 18:04:47 27720 [Note] F:\Marcelo\Aulas\10 semestre\IA I\G1 - 16-04/mysql/bin/mysqld_usbwv8.exe: ready for connections.
Version: '5.6.13'  socket: ''  port: 3307  MySQL Community Server (GPL)
2019-04-24 16:15:18 11656 [Note] Plugin 'FEDERATED' is disabled.
2019-04-24 16:15:18 11656 [Note] InnoDB: The InnoDB memory heap is disabled
2019-04-24 16:15:18 11656 [Note] InnoDB: Mutexes and rw_locks use Windows interlocked functions
2019-04-24 16:15:18 11656 [Note] InnoDB: Compressed tables use zlib 1.2.3
2019-04-24 16:15:18 11656 [Note] InnoDB: Not using CPU crc32 instructions
2019-04-24 16:15:18 11656 [Note] InnoDB: Initializing buffer pool, size = 128.0M
2019-04-24 16:15:18 11656 [Note] InnoDB: Completed initialization of buffer pool
2019-04-24 16:15:18 11656 [Note] InnoDB: Highest supported file format is Barracuda.
2019-04-24 16:15:18 11656 [Note] InnoDB: The log sequence numbers 5691953 and 5691953 in ibdata files do not match the log sequence number 5691963 in the ib_logfiles!
2019-04-24 16:15:18 11656 [Note] InnoDB: Database was not shutdown normally!
2019-04-24 16:15:18 11656 [Note] InnoDB: Starting crash recovery.
2019-04-24 16:15:18 11656 [Note] InnoDB: Reading tablespace information from the .ibd files...
2019-04-24 16:15:18 11656 [Note] InnoDB: Restoring possible half-written data pages 
2019-04-24 16:15:18 11656 [Note] InnoDB: from the doublewrite buffer...
2019-04-24 16:15:19 11656 [Note] InnoDB: 128 rollback segment(s) are active.
2019-04-24 16:15:19 11656 [Note] InnoDB: Waiting for purge to start
2019-04-24 16:15:19 11656 [Note] InnoDB: 5.6.13 started; log sequence number 5691963
2019-04-24 16:15:19 11656 [Note] Server hostname (bind-address): '*'; port: 3307
2019-04-24 16:15:19 11656 [Note] IPv6 is available.
2019-04-24 16:15:19 11656 [Note]   - '::' resolves to '::';
2019-04-24 16:15:19 11656 [Note] Server socket created on IP: '::'.
2019-04-24 16:15:20 11656 [Note] Event Scheduler: Loaded 0 events
2019-04-24 16:15:20 11656 [Note] F:\Marcelo\Aulas\10 semestre\IA I\G1 - 24-04/mysql/bin/mysqld_usbwv8.exe: ready for connections.
Version: '5.6.13'  socket: ''  port: 3307  MySQL Community Server (GPL)
2019-04-25 14:43:10 4900 [Note] Plugin 'FEDERATED' is disabled.
2019-04-25 14:43:10 4900 [Note] InnoDB: The InnoDB memory heap is disabled
2019-04-25 14:43:10 4900 [Note] InnoDB: Mutexes and rw_locks use Windows interlocked functions
2019-04-25 14:43:10 4900 [Note] InnoDB: Compressed tables use zlib 1.2.3
2019-04-25 14:43:10 4900 [Note] InnoDB: Not using CPU crc32 instructions
2019-04-25 14:43:10 4900 [Note] InnoDB: Initializing buffer pool, size = 128.0M
2019-04-25 14:43:10 4900 [Note] InnoDB: Completed initialization of buffer pool
2019-04-25 14:43:10 4900 [Note] InnoDB: Highest supported file format is Barracuda.
2019-04-25 14:43:10 4900 [Note] InnoDB: The log sequence numbers 5691953 and 5691953 in ibdata files do not match the log sequence number 5691983 in the ib_logfiles!
2019-04-25 14:43:10 4900 [Note] InnoDB: Database was not shutdown normally!
2019-04-25 14:43:10 4900 [Note] InnoDB: Starting crash recovery.
2019-04-25 14:43:10 4900 [Note] InnoDB: Reading tablespace information from the .ibd files...
2019-04-25 14:43:10 4900 [Note] InnoDB: Restoring possible half-written data pages 
2019-04-25 14:43:10 4900 [Note] InnoDB: from the doublewrite buffer...
2019-04-25 14:43:11 4900 [Note] InnoDB: 128 rollback segment(s) are active.
2019-04-25 14:43:11 4900 [Note] InnoDB: Waiting for purge to start
2019-04-25 14:43:11 4900 [Note] InnoDB: 5.6.13 started; log sequence number 5691983
2019-04-25 14:43:11 4900 [Note] Server hostname (bind-address): '*'; port: 3307
2019-04-25 14:43:11 4900 [Note] IPv6 is available.
2019-04-25 14:43:11 4900 [Note]   - '::' resolves to '::';
2019-04-25 14:43:11 4900 [Note] Server socket created on IP: '::'.
2019-04-26 10:16:54 13648 [Note] Plugin 'FEDERATED' is disabled.
2019-04-26 10:16:54 13648 [Note] InnoDB: The InnoDB memory heap is disabled
2019-04-26 10:16:54 13648 [Note] InnoDB: Mutexes and rw_locks use Windows interlocked functions
2019-04-26 10:16:54 13648 [Note] InnoDB: Compressed tables use zlib 1.2.3
2019-04-26 10:16:54 13648 [Note] InnoDB: Not using CPU crc32 instructions
2019-04-26 10:16:54 13648 [Note] InnoDB: Initializing buffer pool, size = 128.0M
2019-04-26 10:16:54 13648 [Note] InnoDB: Completed initialization of buffer pool
2019-04-26 10:16:54 13648 [Note] InnoDB: Highest supported file format is Barracuda.
2019-04-26 10:16:54 13648 [Note] InnoDB: The log sequence numbers 5691953 and 5691953 in ibdata files do not match the log sequence number 5697135 in the ib_logfiles!
2019-04-26 10:16:54 13648 [Note] InnoDB: Database was not shutdown normally!
2019-04-26 10:16:54 13648 [Note] InnoDB: Starting crash recovery.
2019-04-26 10:16:54 13648 [Note] InnoDB: Reading tablespace information from the .ibd files...
2019-04-26 10:16:54 13648 [Note] InnoDB: Restoring possible half-written data pages 
2019-04-26 10:16:54 13648 [Note] InnoDB: from the doublewrite buffer...
2019-04-26 10:16:55 13648 [Note] InnoDB: 128 rollback segment(s) are active.
2019-04-26 10:16:55 13648 [Note] InnoDB: Waiting for purge to start
2019-04-26 10:16:55 13648 [Note] InnoDB: 5.6.13 started; log sequence number 5697135
2019-04-26 10:16:55 13648 [Note] Server hostname (bind-address): '*'; port: 3307
2019-04-26 10:16:55 13648 [Note] IPv6 is available.
2019-04-26 10:16:55 13648 [Note]   - '::' resolves to '::';
2019-04-26 10:16:55 13648 [Note] Server socket created on IP: '::'.
2019-04-29 15:14:47 29816 [Note] Plugin 'FEDERATED' is disabled.
2019-04-29 15:14:47 29816 [Note] InnoDB: The InnoDB memory heap is disabled
2019-04-29 15:14:47 29816 [Note] InnoDB: Mutexes and rw_locks use Windows interlocked functions
2019-04-29 15:14:47 29816 [Note] InnoDB: Compressed tables use zlib 1.2.3
2019-04-29 15:14:47 29816 [Note] InnoDB: Not using CPU crc32 instructions
2019-04-29 15:14:47 29816 [Note] InnoDB: Initializing buffer pool, size = 128.0M
2019-04-29 15:14:47 29816 [Note] InnoDB: Completed initialization of buffer pool
2019-04-29 15:14:47 29816 [Note] InnoDB: Highest supported file format is Barracuda.
2019-04-29 15:14:47 29816 [Note] InnoDB: The log sequence numbers 5691953 and 5691953 in ibdata files do not match the log sequence number 5705052 in the ib_logfiles!
2019-04-29 15:14:47 29816 [Note] InnoDB: Database was not shutdown normally!
2019-04-29 15:14:47 29816 [Note] InnoDB: Starting crash recovery.
2019-04-29 15:14:47 29816 [Note] InnoDB: Reading tablespace information from the .ibd files...
2019-04-29 15:14:47 29816 [Note] InnoDB: Restoring possible half-written data pages 
2019-04-29 15:14:47 29816 [Note] InnoDB: from the doublewrite buffer...
2019-04-29 15:14:48 29816 [Note] InnoDB: 128 rollback segment(s) are active.
2019-04-29 15:14:48 29816 [Note] InnoDB: Waiting for purge to start
2019-04-29 15:14:48 29816 [Note] InnoDB: 5.6.13 started; log sequence number 5705052
2019-04-29 15:14:48 29816 [Note] Server hostname (bind-address): '*'; port: 3307
2019-04-29 15:14:48 29816 [Note] IPv6 is available.
2019-04-29 15:14:48 29816 [Note]   - '::' resolves to '::';
2019-04-29 15:14:48 29816 [Note] Server socket created on IP: '::'.
2019-04-29 15:39:16 33420 [Note] Plugin 'FEDERATED' is disabled.
2019-04-29 15:39:16 33420 [Note] InnoDB: The InnoDB memory heap is disabled
2019-04-29 15:39:16 33420 [Note] InnoDB: Mutexes and rw_locks use Windows interlocked functions
2019-04-29 15:39:16 33420 [Note] InnoDB: Compressed tables use zlib 1.2.3
2019-04-29 15:39:16 33420 [Note] InnoDB: Not using CPU crc32 instructions
2019-04-29 15:39:16 33420 [Note] InnoDB: Initializing buffer pool, size = 128.0M
2019-04-29 15:39:16 33420 [Note] InnoDB: Completed initialization of buffer pool
2019-04-29 15:39:16 33420 [Note] InnoDB: Highest supported file format is Barracuda.
2019-04-29 15:39:16 33420 [Note] InnoDB: The log sequence numbers 5691953 and 5691953 in ibdata files do not match the log sequence number 5705168 in the ib_logfiles!
2019-04-29 15:39:16 33420 [Note] InnoDB: Database was not shutdown normally!
2019-04-29 15:39:16 33420 [Note] InnoDB: Starting crash recovery.
2019-04-29 15:39:16 33420 [Note] InnoDB: Reading tablespace information from the .ibd files...
2019-04-29 15:39:16 33420 [Note] InnoDB: Restoring possible half-written data pages 
2019-04-29 15:39:16 33420 [Note] InnoDB: from the doublewrite buffer...
2019-04-29 15:39:17 33420 [Note] InnoDB: 128 rollback segment(s) are active.
2019-04-29 15:39:17 33420 [Note] InnoDB: Waiting for purge to start
2019-04-29 15:39:17 33420 [Note] InnoDB: 5.6.13 started; log sequence number 5705168
2019-04-29 15:39:17 33420 [Note] Server hostname (bind-address): '*'; port: 3307
2019-04-29 15:39:17 33420 [Note] IPv6 is available.
2019-04-29 15:39:17 33420 [Note]   - '::' resolves to '::';
2019-04-29 15:39:17 33420 [Note] Server socket created on IP: '::'.
2019-04-29 17:24:05 37264 [Note] Plugin 'FEDERATED' is disabled.
2019-04-29 17:24:05 37264 [Note] InnoDB: The InnoDB memory heap is disabled
2019-04-29 17:24:05 37264 [Note] InnoDB: Mutexes and rw_locks use Windows interlocked functions
2019-04-29 17:24:05 37264 [Note] InnoDB: Compressed tables use zlib 1.2.3
2019-04-29 17:24:05 37264 [Note] InnoDB: Not using CPU crc32 instructions
2019-04-29 17:24:06 37264 [Note] InnoDB: Initializing buffer pool, size = 128.0M
2019-04-29 17:24:06 37264 [Note] InnoDB: Completed initialization of buffer pool
2019-04-29 17:24:06 37264 [ERROR] InnoDB: F:\Marcelo\Aulas\10 semestre\IA I\indicadorfilmes\mysql\data\ibdata1 can't be opened in read-write mode
2019-04-29 17:24:06 37264 [ERROR] InnoDB: The system tablespace must be writable!
2019-04-29 17:24:06 37264 [ERROR] Plugin 'InnoDB' init function returned error.
2019-04-29 17:24:06 37264 [ERROR] Plugin 'InnoDB' registration as a STORAGE ENGINE failed.
2019-04-29 17:24:06 37264 [ERROR] Unknown/unsupported storage engine: InnoDB
2019-04-29 17:24:06 37264 [ERROR] Aborting

2019-04-29 17:24:06 37264 [Note] Binlog end
2019-04-29 17:24:06 37264 [Note] Shutting down plugin 'partition'
2019-04-29 17:24:06 37264 [Note] Shutting down plugin 'PERFORMANCE_SCHEMA'
2019-04-29 17:24:06 37264 [Note] Shutting down plugin 'INNODB_SYS_DATAFILES'
2019-04-29 17:24:06 37264 [Note] Shutting down plugin 'INNODB_SYS_TABLESPACES'
2019-04-29 17:24:06 37264 [Note] Shutting down plugin 'INNODB_SYS_FOREIGN_COLS'
2019-04-29 17:24:06 37264 [Note] Shutting down plugin 'INNODB_SYS_FOREIGN'
2019-04-29 17:24:06 37264 [Note] Shutting down plugin 'INNODB_SYS_FIELDS'
2019-04-29 17:24:06 37264 [Note] Shutting down plugin 'INNODB_SYS_COLUMNS'
2019-04-29 17:24:06 37264 [Note] Shutting down plugin 'INNODB_SYS_INDEXES'
2019-04-29 17:24:06 37264 [Note] Shutting down plugin 'INNODB_SYS_TABLESTATS'
2019-04-29 17:24:06 37264 [Note] Shutting down plugin 'INNODB_SYS_TABLES'
2019-04-29 17:24:06 37264 [Note] Shutting down plugin 'INNODB_FT_INDEX_TABLE'
2019-04-29 17:24:06 37264 [Note] Shutting down plugin 'INNODB_FT_INDEX_CACHE'
2019-04-29 17:24:06 37264 [Note] Shutting down plugin 'INNODB_FT_CONFIG'
2019-04-29 17:24:06 37264 [Note] Shutting down plugin 'INNODB_FT_BEING_DELETED'
2019-04-29 17:24:06 37264 [Note] Shutting down plugin 'INNODB_FT_DELETED'
2019-04-29 17:24:06 37264 [Note] Shutting down plugin 'INNODB_FT_DEFAULT_STOPWORD'
2019-04-29 17:24:06 37264 [Note] Shutting down plugin 'INNODB_METRICS'
2019-04-29 17:24:06 37264 [Note] Shutting down plugin 'INNODB_BUFFER_POOL_STATS'
2019-04-29 17:24:06 37264 [Note] Shutting down plugin 'INNODB_BUFFER_PAGE_LRU'
2019-04-29 17:24:06 37264 [Note] Shutting down plugin 'INNODB_BUFFER_PAGE'
2019-04-29 17:24:06 37264 [Note] Shutting down plugin 'INNODB_CMP_PER_INDEX_RESET'
2019-04-29 17:24:06 37264 [Note] Shutting down plugin 'INNODB_CMP_PER_INDEX'
2019-04-29 17:24:06 37264 [Note] Shutting down plugin 'INNODB_CMPMEM_RESET'
2019-04-29 17:24:06 37264 [Note] Shutting down plugin 'INNODB_CMPMEM'
2019-04-29 17:24:06 37264 [Note] Shutting down plugin 'INNODB_CMP_RESET'
2019-04-29 17:24:06 37264 [Note] Shutting down plugin 'INNODB_CMP'
2019-04-29 17:24:06 37264 [Note] Shutting down plugin 'INNODB_LOCK_WAITS'
2019-04-29 17:24:06 37264 [Note] Shutting down plugin 'INNODB_LOCKS'
2019-04-29 17:24:06 37264 [Note] Shutting down plugin 'INNODB_TRX'
2019-04-29 17:24:06 37264 [Note] Shutting down plugin 'BLACKHOLE'
2019-04-29 17:24:06 37264 [Note] Shutting down plugin 'ARCHIVE'
2019-04-29 17:24:06 37264 [Note] Shutting down plugin 'MRG_MYISAM'
2019-04-29 17:24:06 37264 [Note] Shutting down plugin 'MyISAM'
2019-04-29 17:24:06 37264 [Note] Shutting down plugin 'MEMORY'
2019-04-29 17:24:06 37264 [Note] Shutting down plugin 'CSV'
2019-04-29 17:24:06 37264 [Note] Shutting down plugin 'sha256_password'
2019-04-29 17:24:06 37264 [Note] Shutting down plugin 'mysql_old_password'
2019-04-29 17:24:06 37264 [Note] Shutting down plugin 'mysql_native_password'
2019-04-29 17:24:06 37264 [Note] Shutting down plugin 'binlog'
2019-04-29 17:24:06 37264 [Note] F:\Marcelo\Aulas\10 semestre\IA I\indicadorfilmes/mysql/bin/mysqld_usbwv8.exe: Shutdown complete

2019-04-30 11:40:01 268 [Note] Plugin 'FEDERATED' is disabled.
2019-04-30 11:40:01 268 [Note] InnoDB: The InnoDB memory heap is disabled
2019-04-30 11:40:01 268 [Note] InnoDB: Mutexes and rw_locks use Windows interlocked functions
2019-04-30 11:40:01 268 [Note] InnoDB: Compressed tables use zlib 1.2.3
2019-04-30 11:40:01 268 [Note] InnoDB: Not using CPU crc32 instructions
2019-04-30 11:40:01 268 [Note] InnoDB: Initializing buffer pool, size = 128.0M
2019-04-30 11:40:01 268 [Note] InnoDB: Completed initialization of buffer pool
2019-04-30 11:40:02 268 [Note] InnoDB: Highest supported file format is Barracuda.
2019-04-30 11:40:02 268 [Note] InnoDB: The log sequence numbers 5691953 and 5691953 in ibdata files do not match the log sequence number 5713578 in the ib_logfiles!
2019-04-30 11:40:02 268 [Note] InnoDB: Database was not shutdown normally!
2019-04-30 11:40:02 268 [Note] InnoDB: Starting crash recovery.
2019-04-30 11:40:02 268 [Note] InnoDB: Reading tablespace information from the .ibd files...
2019-04-30 11:40:02 268 [Note] InnoDB: Restoring possible half-written data pages 
2019-04-30 11:40:02 268 [Note] InnoDB: from the doublewrite buffer...
2019-04-30 11:40:02 268 [Note] InnoDB: 128 rollback segment(s) are active.
2019-04-30 11:40:02 268 [Note] InnoDB: Waiting for purge to start
2019-04-30 11:40:02 268 [Note] InnoDB: 5.6.13 started; log sequence number 5713578
2019-04-30 11:40:02 268 [Note] Server hostname (bind-address): '*'; port: 3307
2019-04-30 11:40:02 268 [Note] IPv6 is available.
2019-04-30 11:40:02 268 [Note]   - '::' resolves to '::';
2019-04-30 11:40:02 268 [Note] Server socket created on IP: '::'.
2019-04-30 11:40:02 268 [Note] Event Scheduler: Loaded 0 events
2019-04-30 11:40:02 268 [Note] F:\Marcelo\Aulas\10 semestre\IA I\indicadorfilmes - Copia/mysql/bin/mysqld_usbwv8.exe: ready for connections.
Version: '5.6.13'  socket: ''  port: 3307  MySQL Community Server (GPL)
2019-04-30 16:01:20 19424 [Note] Plugin 'FEDERATED' is disabled.
2019-04-30 16:01:20 19424 [Note] InnoDB: The InnoDB memory heap is disabled
2019-04-30 16:01:20 19424 [Note] InnoDB: Mutexes and rw_locks use Windows interlocked functions
2019-04-30 16:01:20 19424 [Note] InnoDB: Compressed tables use zlib 1.2.3
2019-04-30 16:01:20 19424 [Note] InnoDB: Not using CPU crc32 instructions
2019-04-30 16:01:20 19424 [Note] InnoDB: Initializing buffer pool, size = 128.0M
2019-04-30 16:01:20 19424 [Note] InnoDB: Completed initialization of buffer pool
2019-04-30 16:01:20 19424 [Note] InnoDB: Highest supported file format is Barracuda.
2019-04-30 16:01:20 19424 [Note] InnoDB: The log sequence numbers 5691953 and 5691953 in ibdata files do not match the log sequence number 5713588 in the ib_logfiles!
2019-04-30 16:01:20 19424 [Note] InnoDB: Database was not shutdown normally!
2019-04-30 16:01:20 19424 [Note] InnoDB: Starting crash recovery.
2019-04-30 16:01:20 19424 [Note] InnoDB: Reading tablespace information from the .ibd files...
2019-04-30 16:01:20 19424 [Note] InnoDB: Restoring possible half-written data pages 
2019-04-30 16:01:20 19424 [Note] InnoDB: from the doublewrite buffer...
2019-04-30 16:01:22 19424 [ERROR] InnoDB: Table sistema2/envio_atividade in the InnoDB data dictionary has tablespace id 302, but tablespace with that id or name does not exist. Have you deleted or moved .ibd files? This may also be a table created with CREATE TEMPORARY TABLE whose .ibd and .frm files MySQL automatically removed, but the table still exists in the InnoDB internal data dictionary.
InnoDB: Please refer to
InnoDB: http://dev.mysql.com/doc/refman/5.6/en/innodb-troubleshooting-datadict.html
InnoDB: for how to resolve the issue.
2019-04-30 16:01:22 19424 [ERROR] InnoDB: Table sistema2/filme in the InnoDB data dictionary has tablespace id 312, but tablespace with that id or name does not exist. Have you deleted or moved .ibd files? This may also be a table created with CREATE TEMPORARY TABLE whose .ibd and .frm files MySQL automatically removed, but the table still exists in the InnoDB internal data dictionary.
InnoDB: Please refer to
InnoDB: http://dev.mysql.com/doc/refman/5.6/en/innodb-troubleshooting-datadict.html
InnoDB: for how to resolve the issue.
2019-04-30 16:01:22 19424 [Note] InnoDB: 128 rollback segment(s) are active.
2019-04-30 16:01:22 19424 [Note] InnoDB: Waiting for purge to start
2019-04-30 16:01:22 19424 [ERROR] InnoDB: Failed to find tablespace for table '"sistema2"."envio_atividade"' in the cache. Attempting to load the tablespace with space id 302.
2019-04-30 16:01:22 4a38  InnoDB: Operating system error number 3 in a file operation.
InnoDB: The error means the system cannot find the path specified.
2019-04-30 16:01:22 19424 [ERROR] InnoDB: Could not find a valid tablespace file for 'sistema2/envio_atividade'. See http://dev.mysql.com/doc/refman/5.6/en/innodb-troubleshooting-datadict.html for how to resolve the issue.
2019-04-30 16:01:23 19424 [Note] InnoDB: 5.6.13 started; log sequence number 5713588
2019-04-30 16:01:23 19424 [Note] Server hostname (bind-address): '*'; port: 3307
2019-04-30 16:01:23 19424 [Note] IPv6 is available.
2019-04-30 16:01:23 19424 [Note]   - '::' resolves to '::';
2019-04-30 16:01:23 19424 [Note] Server socket created on IP: '::'.
2019-04-30 16:01:23 19424 [ERROR] InnoDB: Failed to find tablespace for table '"sistema2"."filme"' in the cache. Attempting to load the tablespace with space id 312.
